#
# A fatal error has been detected by the Java Runtime Environment:
#
#  Internal Error (jvmciRuntime.cpp:1609), pid=64, tid=78
#  fatal error: Fatal exception in JVMCI: Error calling jdk.vm.ci.services.Services.serializeSavedProperties
#
# JRE version: OpenJDK Runtime Environment GraalVM CE 22.3.0 (17.0.5+8) (build 17.0.5+8-jvmci-22.3-b08)
# Java VM: OpenJDK 64-Bit Server VM GraalVM CE 22.3.0 (17.0.5+8-jvmci-22.3-b08, mixed mode, sharing, tiered, jvmci, jvmci compiler, compressed oops, compressed class ptrs, parallel gc, linux-amd64)
# Problematic frame:
# V  [libjvm.so+0x972714]  JVMCIRuntime::fatal_exception(JVMCIEnv*, char const*)+0x74
#
# Core dump will be written. Default location: Core dumps may be processed with "/usr/share/apport/apport -p%p -s%s -c%c -d%d -P%P -u%u -g%g -- %E" (or dumping to /home/runner/HJConnect4Game/core.64)
#
# If you would like to submit a bug report, please visit:
#   https://github.com/oracle/graal/issues
#

---------------  S U M M A R Y ------------

Command Line: -XX:ThreadPriorityPolicy=1 -XX:+UnlockExperimentalVMOptions -XX:+EnableJVMCIProduct -XX:JVMCIThreadsPerNativeLibraryRuntime=1 -XX:-UnlockExperimentalVMOptions -Declipse.application=org.eclipse.jdt.ls.core.id1 -Dosgi.bundles.defaultStartLevel=4 -Declipse.product=org.eclipse.jdt.ls.core.product -Dlog.level=ALL -Xverify:none -XX:+UseParallelGC -XX:GCTimeRatio=4 -XX:AdaptiveSizePolicyWeight=90 -Dsun.zip.disableMemoryMapping=true -Xmx512m -Xms100m /nix/store/m6gcpi1ii6rghy04cjwjddcavv7i90df-jdt-language-server-1.9.0/share/java/plugins/org.eclipse.equinox.launcher_1.6.400.v20210924-0641.jar --add-modules=ALL-SYSTEM --add-opens java.base/java.util=ALL-UNNAMED --add-opens java.base/java.lang=ALL-UNNAMED -configuration /home/runner/.cache/jdt-language-server/config -data /home/runner/.cache/jdt-language-server/data/home/runner/HJConnect4Game

Host: AMD EPYC 7B12, 8 cores, 1G, Ubuntu 20.04.2 LTS
Time: Thu Jun  8 15:25:04 2023 UTC elapsed time: 1001.998616 seconds (0d 0h 16m 41s)

---------------  T H R E A D  ---------------

Current thread (0x00007f17c00b2210):  JavaThread "JVMCI-native CompilerThread0" daemon [_thread_in_vm, id=78, stack(0x00007f17a5c48000,0x00007f17a5e48000)]


Current CompileTask:
JVMCI-native:1001999 11166       4       org.eclipse.jdt.internal.compiler.util.Util::getLineNumber (89 bytes)

Stack: [0x00007f17a5c48000,0x00007f17a5e48000],  sp=0x00007f17a5e46380,  free space=2040k
Native frames: (J=compiled Java code, j=interpreted, Vv=VM code, C=native code)
V  [libjvm.so+0x972714]  JVMCIRuntime::fatal_exception(JVMCIEnv*, char const*)+0x74
V  [libjvm.so+0x93e2fe]  JVMCIEnv::copy_saved_properties()+0x14e
V  [libjvm.so+0x9732a9]  JVMCIRuntime::initialize(JVMCIEnv*)+0xb19
V  [libjvm.so+0x9738a2]  JVMCIRuntime::get_HotSpotJVMCIRuntime(JVMCIEnv*)+0x12
V  [libjvm.so+0x9749f2]  JVMCIRuntime::compile_method(JVMCIEnv*, JVMCICompiler*, methodHandle const&, int)+0xd2
V  [libjvm.so+0x5b0d20]  CompileBroker::invoke_compiler_on_method(CompileTask*)+0x1470
V  [libjvm.so+0x5b12e8]  CompileBroker::compiler_thread_loop()+0x528
V  [libjvm.so+0xd82460]  JavaThread::thread_main_inner()+0xd0
V  [libjvm.so+0xd85a40]  Thread::call_run()+0xc0
V  [libjvm.so+0xbdb1e1]  thread_native_entry(Thread*)+0xe1

Register to memory mapping:

RAX=0x00007f17c58f2000 points into unknown readable memory: 0x0000000000000058 | 58 00 00 00 00 00 00 00
RBX=0x00007f17c69ed398: <offset 0x0000000000ef5398> in /nix/store/gpxl5qgg8kicmcvivwmybwjlpf7wh20l-graalvm17-ce-22.3.0/lib/server/libjvm.so at 0x00007f17c5af8000
RCX=0x00007f17c69a51e8: <offset 0x0000000000ead1e8> in /nix/store/gpxl5qgg8kicmcvivwmybwjlpf7wh20l-graalvm17-ce-22.3.0/lib/server/libjvm.so at 0x00007f17c5af8000
RDX=0x0000000000000649 is an unknown value
RSP=0x00007f17a5e46380 is pointing into the stack for thread: 0x00007f17c00b2210
RBP=0x00007f17a5e463a0 is pointing into the stack for thread: 0x00007f17c00b2210
RSI=0x00007f17c69edc48: <offset 0x0000000000ef5c48> in /nix/store/gpxl5qgg8kicmcvivwmybwjlpf7wh20l-graalvm17-ce-22.3.0/lib/server/libjvm.so at 0x00007f17c5af8000
RDI=0x00000000e0000000 is an oop: [B 
{0x00000000e0000000} - klass: {type array byte}
 - length: 66
R8 =0x00007f17c69ed398: <offset 0x0000000000ef5398> in /nix/store/gpxl5qgg8kicmcvivwmybwjlpf7wh20l-graalvm17-ce-22.3.0/lib/server/libjvm.so at 0x00007f17c5af8000
R9 =0x0000000000000003 is an unknown value
R10=0x00007f17c6d3eda0: <offset 0x0000000001246da0> in /nix/store/gpxl5qgg8kicmcvivwmybwjlpf7wh20l-graalvm17-ce-22.3.0/lib/server/libjvm.so at 0x00007f17c5af8000
R11=0x000000080044f048 is pointing into metadata
R12=0x0 is NULL
R13=0x00007f17c00b2210 is a thread
R14=0x00007f17c0000b80 points into unknown readable memory: 0x00007f17c6c1ea38 | 38 ea c1 c6 17 7f 00 00
R15=0x00007f17c6d2ce40: <offset 0x0000000001234e40> in /nix/store/gpxl5qgg8kicmcvivwmybwjlpf7wh20l-graalvm17-ce-22.3.0/lib/server/libjvm.so at 0x00007f17c5af8000


Registers:
RAX=0x00007f17c58f2000, RBX=0x00007f17c69ed398, RCX=0x00007f17c69a51e8, RDX=0x0000000000000649
RSP=0x00007f17a5e46380, RBP=0x00007f17a5e463a0, RSI=0x00007f17c69edc48, RDI=0x00000000e0000000
R8 =0x00007f17c69ed398, R9 =0x0000000000000003, R10=0x00007f17c6d3eda0, R11=0x000000080044f048
R12=0x0000000000000000, R13=0x00007f17c00b2210, R14=0x00007f17c0000b80, R15=0x00007f17c6d2ce40
RIP=0x00007f17c646a714, EFLAGS=0x0000000000010206, CSGSFS=0x002b000000000033, ERR=0x0000000000000006
  TRAPNO=0x000000000000000e

Top of Stack: (sp=0x00007f17a5e46380)
0x00007f17a5e46380:   00007f17a5e46940 00007f17c00b2210
0x00007f17a5e46390:   00007f17c42838c8 0000000800c415a8
0x00007f17a5e463a0:   00007f17a5e46500 00007f17c64362fe
0x00007f17a5e463b0:   00007f17a5e463e0 00007f17a5e46440 

Instructions: (pc=0x00007f17c646a714)
0x00007f17c646a614:   30 e8 f6 cf e8 ff 4c 89 e7 e8 2e 48 d1 ff 84 db
0x00007f17c646a624:   75 2a 4d 85 ed 74 04 4d 8b 6d 00 48 83 c4 08 44
0x00007f17c646a634:   89 f9 4c 89 f2 4c 89 ee 5b 4c 89 e7 41 5c 41 5d
0x00007f17c646a644:   41 5e 41 5f 5d e9 e2 47 d1 ff 66 90 48 83 c4 08
0x00007f17c646a654:   5b 41 5c 41 5d 41 5e 41 5f 5d c3 90 31 d2 be 08
0x00007f17c646a664:   00 00 00 4c 89 ff e8 b1 78 a3 ff 49 89 c5 e9 37
0x00007f17c646a674:   ff ff ff 66 0f 1f 84 00 00 00 00 00 48 8b 7a 08
0x00007f17c646a684:   e9 6d ff ff ff 0f 1f 80 00 00 00 00 e8 5b 48 0a
0x00007f17c646a694:   00 84 c0 75 89 e9 6a ff ff ff 66 90 55 48 89 e5
0x00007f17c646a6a4:   41 56 41 55 41 54 49 89 fc 53 48 89 f3 66 48 8d
0x00007f17c646a6b4:   3d 27 5e 85 00 66 66 48 e8 df 43 8d ff 4c 8b 28
0x00007f17c646a6c4:   8b 05 be 72 8a 00 85 c0 75 14 ba 01 00 00 00 48
0x00007f17c646a6d4:   8d 0d ae 72 8a 00 f0 0f b1 11 85 c0 74 4e be c8
0x00007f17c646a6e4:   00 00 00 4c 89 ef e8 01 0b 41 00 48 8d 05 12 ac
0x00007f17c646a6f4:   85 00 49 89 d8 48 8d 0d e8 aa 53 00 ba 49 06 00
0x00007f17c646a704:   00 48 8d 35 3c 35 58 00 bf 00 00 00 e0 48 8b 00
0x00007f17c646a714:   c6 00 58 31 c0 e8 e2 91 c6 ff 5b 41 5c 41 5d 41
0x00007f17c646a724:   5e 5d e9 55 34 26 00 0f 1f 44 00 00 48 8d 05 81
0x00007f17c646a734:   a3 8b 00 48 89 df 4c 8b 30 e8 9e 43 8d ff 48 89
0x00007f17c646a744:   de 48 89 c2 49 8b 06 4c 89 f7 ff 50 08 4c 89 f7
0x00007f17c646a754:   e8 a7 5c 27 00 4d 85 e4 74 12 be 01 00 00 00 4c
0x00007f17c646a764:   89 e7 e8 35 43 fc ff eb 82 0f 1f 00 be 01 00 00
0x00007f17c646a774:   00 4c 89 ef e8 d3 fd ff ff e9 6d ff ff ff 66 66
0x00007f17c646a784:   2e 0f 1f 84 00 00 00 00 00 0f 1f 00 55 48 89 e5
0x00007f17c646a794:   41 57 41 56 41 55 41 54 53 48 81 ec 08 02 00 00
0x00007f17c646a7a4:   64 48 8b 04 25 28 00 00 00 48 89 45 c8 8b 07 83
0x00007f17c646a7b4:   f8 02 0f 84 11 04 00 00 4c 8b 6f 18 49 89 ff 49
0x00007f17c646a7c4:   89 f4 4d 85 ed 74 14 4c 89 ef e8 5d 57 22 00 41
0x00007f17c646a7d4:   8b 07 83 f8 02 0f 84 19 04 00 00 48 8d 1d 9a 06
0x00007f17c646a7e4:   8a 00 4c 8d 35 0b 3c 58 00 eb 38 90 48 85 d2 7f
0x00007f17c646a7f4:   0d 48 8d 05 b4 c0 85 00 48 83 38 00 7e 0e 41 8b
0x00007f17c646a804:   77 2c 4c 89 f7 31 c0 e8 a0 b2 f7 ff 49 8b 7f 18 


Stack slot to memory mapping:
stack at sp + 0 slots: 0x00007f17a5e46940 is pointing into the stack for thread: 0x00007f17c00b2210
stack at sp + 1 slots: 0x00007f17c00b2210 is a thread
stack at sp + 2 slots: 0x00007f17c42838c8 points into unknown readable memory: 0x6573001880c9ffff | ff ff c9 80 18 00 73 65
stack at sp + 3 slots: 0x0000000800c415a8 is a pointer to class: 
jdk.vm.ci.services.Services {0x0000000800c415a8}
 - instance size:     2
 - klass size:        65
 - access:            public final synchronized 
 - state:             fully_initialized
 - name:              'jdk/vm/ci/services/Services'
 - super:             'java/lang/Object'
 - sub:               
 - arrays:            NULL
 - methods:           Array<T>(0x00007f17a683dd30)
 - method ordering:   Array<T>(0x0000000800928960)
 - default_methods:   Array<T>(0x0000000000000000)
 - local interfaces:  Array<T>(0x00000008005ce810)
 - trans. interfaces: Array<T>(0x00000008005ce810)
 - constants:         constant pool [427] {0x00007f17a683ce10} for 'jdk/vm/ci/services/Services' cache=0x00007f17a683f000
 - class loader data:  loader data: 0x00007f17c00283f0 of 'bootstrap'
 - source file:       'Services.java'
 - class annotations:       Array<T>(0x0000000000000000)
 - class type annotations:  Array<T>(0x0000000000000000)
 - field annotations:       Array<T>(0x0000000000000000)
 - field type annotations:  Array<T>(0x0000000000000000)
 - inner classes:     Array<T>(0x00007f17a683efd0)
 - nest members:     Array<T>(0x00007f17a683eff0)
 - permitted subclasses:     Array<T>(0x00000008005ce7a0)
 - java mirror:       a 'java/lang/Class'{0x00000000e01d8e98} = 'jdk/vm/ci/services/Services'
 - vtable length      5  (start addr: 0x0000000800c41778)
 - itable length      2 (start addr: 0x0000000800c417a0)
 - ---- static fields (3 words):
 - public static final 'IS_BUILDING_NATIVE_IMAGE' 'Z' @128 
 - public static final 'IS_IN_NATIVE_IMAGE' 'Z' @129 
 - private static volatile 'savedProperties' 'Ljava/util/Map;' @112 
 - static final 'JVMCI_ENABLED' 'Z' @130 
 - private static final 'servicesCache' 'Ljava/util/Map;' @116 
 - private static final 'MAX_UNICODE_IN_UTF8_LENGTH' 'I' @120 
 - private static final 'MAX_UTF8_PROPERTY_STRING_LENGTH' 'I' @124 
 - ---- non-static fields (0 words):
 - non-static oop maps: 
stack at sp + 4 slots: 0x00007f17a5e46500 is pointing into the stack for thread: 0x00007f17c00b2210
stack at sp + 5 slots: 0x00007f17c64362fe: <offset 0x000000000093e2fe> in /nix/store/gpxl5qgg8kicmcvivwmybwjlpf7wh20l-graalvm17-ce-22.3.0/lib/server/libjvm.so at 0x00007f17c5af8000
stack at sp + 6 slots: 0x00007f17a5e463e0 is pointing into the stack for thread: 0x00007f17c00b2210
stack at sp + 7 slots: 0x00007f17a5e46440 is pointing into the stack for thread: 0x00007f17c00b2210


---------------  P R O C E S S  ---------------

Threads class SMR info:
_java_thread_list=0x00007f170c01dcd0, length=30, elements={
0x00007f17c0026690, 0x00007f17c00a64d0, 0x00007f17c00a7910, 0x00007f17c00ae080,
0x00007f17c00af430, 0x00007f17c00b0820, 0x00007f17c00b2210, 0x00007f17c00b3720,
0x00007f17c00b4b70, 0x00007f17c00e0900, 0x00007f17c0138ce0, 0x00007f17c030b590,
0x00007f17c0376720, 0x00007f17c0378e00, 0x00007f17c063dc20, 0x00007f1754016d90,
0x00007f1754302c10, 0x00007f175436d2e0, 0x00007f17544eaca0, 0x00007f1754657480,
0x00007f17c036e230, 0x00007f17c0423f20, 0x00007f172c1a7a50, 0x00007f172c0ff410,
0x00007f172c102480, 0x00007f172c102da0, 0x00007f172c101f00, 0x00007f172c103710,
0x00007f1750001440, 0x00007f172c104b80
}

Java Threads: ( => current thread )
  0x00007f17c0026690 JavaThread "main" [_thread_blocked, id=70, stack(0x00007f17c5913000,0x00007f17c5a13000)]
  0x00007f17c00a64d0 JavaThread "Reference Handler" daemon [_thread_blocked, id=73, stack(0x00007f17a652e000,0x00007f17a662e000)]
  0x00007f17c00a7910 JavaThread "Finalizer" daemon [_thread_blocked, id=74, stack(0x00007f17a642e000,0x00007f17a652e000)]
  0x00007f17c00ae080 JavaThread "Signal Dispatcher" daemon [_thread_blocked, id=75, stack(0x00007f17a6048000,0x00007f17a6148000)]
  0x00007f17c00af430 JavaThread "Service Thread" daemon [_thread_blocked, id=76, stack(0x00007f17a5f48000,0x00007f17a6048000)]
  0x00007f17c00b0820 JavaThread "Monitor Deflation Thread" daemon [_thread_blocked, id=77, stack(0x00007f17a5e48000,0x00007f17a5f48000)]
=>0x00007f17c00b2210 JavaThread "JVMCI-native CompilerThread0" daemon [_thread_in_vm, id=78, stack(0x00007f17a5c48000,0x00007f17a5e48000)]
  0x00007f17c00b3720 JavaThread "C1 CompilerThread0" daemon [_thread_blocked, id=79, stack(0x00007f17a5a48000,0x00007f17a5c48000)]
  0x00007f17c00b4b70 JavaThread "Sweeper thread" daemon [_thread_blocked, id=80, stack(0x00007f17a5948000,0x00007f17a5a48000)]
  0x00007f17c00e0900 JavaThread "Common-Cleaner" daemon [_thread_blocked, id=81, stack(0x00007f17a5848000,0x00007f17a5948000)]
  0x00007f17c0138ce0 JavaThread "Notification Thread" daemon [_thread_blocked, id=85, stack(0x00007f17a5748000,0x00007f17a5848000)]
  0x00007f17c030b590 JavaThread "Active Thread: Equinox Container: 366092f6-9177-49cc-a729-51028b5c4d77" [_thread_blocked, id=108, stack(0x00007f17a4400000,0x00007f17a4500000)]
  0x00007f17c0376720 JavaThread "Framework Event Dispatcher: Equinox Container: 366092f6-9177-49cc-a729-51028b5c4d77" daemon [_thread_blocked, id=111, stack(0x00007f17a4200000,0x00007f17a4300000)]
  0x00007f17c0378e00 JavaThread "Start Level: Equinox Container: 366092f6-9177-49cc-a729-51028b5c4d77" daemon [_thread_blocked, id=113, stack(0x00007f17a4000000,0x00007f17a4100000)]
  0x00007f17c063dc20 JavaThread "Refresh Thread: Equinox Container: 366092f6-9177-49cc-a729-51028b5c4d77" daemon [_thread_blocked, id=119, stack(0x00007f176db00000,0x00007f176dc00000)]
  0x00007f1754016d90 JavaThread "SCR Component Actor" daemon [_thread_blocked, id=124, stack(0x00007f176d900000,0x00007f176da00000)]
  0x00007f1754302c10 JavaThread "Worker-JM" [_thread_blocked, id=138, stack(0x00007f176d500000,0x00007f176d600000)]
  0x00007f175436d2e0 JavaThread "Worker-0: Refreshing workspace" [_thread_blocked, id=139, stack(0x00007f176d300000,0x00007f176d400000)]
  0x00007f17544eaca0 JavaThread "Java indexing" daemon [_thread_blocked, id=145, stack(0x00007f176cf00000,0x00007f176d000000)]
  0x00007f1754657480 JavaThread "Bundle File Closer" daemon [_thread_blocked, id=150, stack(0x00007f176cd00000,0x00007f176ce00000)]
  0x00007f17c036e230 JavaThread "pool-3-thread-1" [_thread_blocked, id=160, stack(0x00007f176cb00000,0x00007f176cc00000)]
  0x00007f17c0423f20 JavaThread "pool-2-thread-1" [_thread_blocked, id=168, stack(0x00007f176c900000,0x00007f176ca00000)]
  0x00007f172c1a7a50 JavaThread "Thread-9" [_thread_blocked, id=608, stack(0x00007f176d100000,0x00007f176d200000)]
  0x00007f172c0ff410 JavaThread "Thread-11" [_thread_blocked, id=643, stack(0x00007f176c500000,0x00007f176c600000)]
  0x00007f172c102480 JavaThread "Thread-16" [_thread_blocked, id=744, stack(0x00007f176c300000,0x00007f176c400000)]
  0x00007f172c102da0 JavaThread "Thread-19" [_thread_blocked, id=763, stack(0x00007f17a4100000,0x00007f17a4200000)]
  0x00007f172c101f00 JavaThread "Thread-20" [_thread_blocked, id=780, stack(0x00007f176c700000,0x00007f176c800000)]
  0x00007f172c103710 JavaThread "Thread-23" [_thread_blocked, id=895, stack(0x00007f176d400000,0x00007f176d500000)]
  0x00007f1750001440 JavaThread "Worker-5" [_thread_blocked, id=1789, stack(0x00007f17a5400000,0x00007f17a5500000)]
  0x00007f172c104b80 JavaThread "Thread-25" [_thread_blocked, id=2690, stack(0x00007f176d700000,0x00007f176d800000)]

Other Threads:
  0x00007f17c00a1c10 VMThread "VM Thread" [stack: 0x00007f17a6630000,0x00007f17a6730000] [id=72] _threads_hazard_ptr=0x00007f170c01dcd0
  0x00007f17c013a680 WatcherThread [stack: 0x00007f17a5648000,0x00007f17a5748000] [id=86]
  0x00007f17c003df30 GCTaskThread "GC Thread#0" [stack: 0x00007f17c54d6000,0x00007f17c55d6000] [id=71]

Threads with active compile tasks:
JVMCI-native CompilerThread0  1002022 11166       4       org.eclipse.jdt.internal.compiler.util.Util::getLineNumber (89 bytes)

VM state: synchronizing (normal execution)

VM Mutex/Monitor currently owned by a thread:  ([mutex/lock_event])
[0x00007f17c0023840] Threads_lock - owner thread: 0x00007f17c00a1c10
[0x00007f17c0023ff0] Heap_lock - owner thread: 0x00007f17544eaca0

OutOfMemory and StackOverflow Exception counts:
OutOfMemoryError java_heap_errors=1
LinkageErrors=62

Heap address: 0x00000000e0000000, size: 512 MB, Compressed Oops mode: 32-bit

CDS archive(s) mapped at: [0x0000000800000000-0x0000000800bc8000-0x0000000800bc8000), size 12353536, SharedBaseAddress: 0x0000000800000000, ArchiveRelocationMode: 0.
Compressed class space mapped at: 0x0000000800c00000-0x0000000840c00000, reserved size: 1073741824
Narrow klass base: 0x0000000800000000, Narrow klass shift: 0, Narrow klass range: 0x100000000

GC Precious Log:
 CPUs: 8 total, 1 available
 Memory: 1024M
 Large Page Support: Disabled
 NUMA Support: Disabled
 Compressed Oops: Enabled (32-bit)
 Alignments: Space 512K, Generation 512K, Heap 2M
 Heap Min Capacity: 100M
 Heap Initial Capacity: 100M
 Heap Max Capacity: 512M
 Pre-touch: Disabled
 Parallel Workers: 1

Heap:
 PSYoungGen      total 89600K, used 54114K [0x00000000f5580000, 0x00000000fdb80000, 0x0000000100000000)
  eden space 49664K, 99% used [0x00000000f5580000,0x00000000f85ffff8,0x00000000f8600000)
  from space 39936K, 11% used [0x00000000f8600000,0x00000000f8a58a40,0x00000000fad00000)
  to   space 39936K, 0% used [0x00000000fb480000,0x00000000fb480000,0x00000000fdb80000)
 ParOldGen       total 349696K, used 349695K [0x00000000e0000000, 0x00000000f5580000, 0x00000000f5580000)
  object space 349696K, 99% used [0x00000000e0000000,0x00000000f557ffe8,0x00000000f5580000)
 Metaspace       used 62051K, committed 63040K, reserved 1105920K
  class space    used 5913K, committed 6336K, reserved 1048576K

Card table byte_map: [0x00007f17c55d6000,0x00007f17c56d7000] _byte_map_base: 0x00007f17c4ed6000

Marking Bits: (ParMarkBitMap*) 0x00007f17c6d264c0
 Begin Bits: [0x00007f17c4429000, 0x00007f17c4c29000)
 End Bits:   [0x00007f17c4c29000, 0x00007f17c5429000)

Polling page: 0x00007f17c58f0000

Metaspace:

Usage:
  Non-class:     54.82 MB used.
      Class:      5.77 MB used.
       Both:     60.60 MB used.

Virtual space:
  Non-class space:       56.00 MB reserved,      55.38 MB ( 99%) committed,  7 nodes.
      Class space:        1.00 GB reserved,       6.19 MB ( <1%) committed,  1 nodes.
             Both:        1.05 GB reserved,      61.56 MB (  6%) committed. 

Chunk freelists:
   Non-Class:  610.00 KB
       Class:  1.84 MB
        Both:  2.44 MB

MaxMetaspaceSize: unlimited
CompressedClassSpaceSize: 1.00 GB
Initial GC threshold: 21.00 MB
Current GC threshold: 102.50 MB
CDS: on
MetaspaceReclaimPolicy: balanced
 - commit_granule_bytes: 65536.
 - commit_granule_words: 8192.
 - virtual_space_node_default_size: 1048576.
 - enlarge_chunks_in_place: 1.
 - new_chunks_are_fully_committed: 0.
 - uncommit_free_chunks: 1.
 - use_allocation_guard: 0.
 - handle_deallocations: 1.


Internal statistics:

num_allocs_failed_limit: 6.
num_arena_births: 500.
num_arena_deaths: 150.
num_vsnodes_births: 8.
num_vsnodes_deaths: 0.
num_space_committed: 981.
num_space_uncommitted: 0.
num_chunks_returned_to_freelist: 212.
num_chunks_taken_from_freelist: 2937.
num_chunk_merges: 87.
num_chunk_splits: 1901.
num_chunks_enlarged: 1181.
num_purges: 24.
num_inconsistent_stats: 0.

CodeHeap 'non-profiled nmethods': size=120036Kb used=2798Kb max_used=2798Kb free=117237Kb
 bounds [0x00007f17aef7a000, 0x00007f17af23a000, 0x00007f17b64b3000]
CodeHeap 'profiled nmethods': size=120032Kb used=18371Kb max_used=18371Kb free=101660Kb
 bounds [0x00007f17a7a42000, 0x00007f17a8c42000, 0x00007f17aef7a000]
CodeHeap 'non-nmethods': size=5692Kb used=1398Kb max_used=1413Kb free=4293Kb
 bounds [0x00007f17a74b3000, 0x00007f17a7723000, 0x00007f17a7a42000]
 total_blobs=9344 nmethods=8609 adapters=628
 compilation: enabled
              stopped_count=0, restarted_count=0
 full_count=0

JVMCI Events (20 events):
Event: 620.316 Thread 0x00007f17c00b2210 initialized JVMCI runtime 0
Event: 768.031 Thread 0x00007f17c00b2210 compacted oop handles in JVMCI runtime 0 from 218 to 197
Event: 768.031 Thread 0x00007f17c00b2210 compacted oop handles in JVMCI runtime 0 from 198 to 164
Event: 772.892 Thread 0x00007f17c00b2210 compacted oop handles in JVMCI runtime 0 from 198 to 195
Event: 806.996 Thread 0x00007f17c00b2210 compacted oop handles in JVMCI runtime 0 from 231 to 229
Event: 806.996 Thread 0x00007f17c00b2210 compacted oop handles in JVMCI runtime 0 from 230 to 82
Event: 826.498 Thread 0x00007f17c00b2210 compacted oop handles in JVMCI runtime 0 from 93 to 85
Event: 852.804 Thread 0x00007f17c00b2210 compacted oop handles in JVMCI runtime 0 from 138 to 132
Event: 886.087 Thread 0x00007f17c00b2210 detaching from JVMCI runtime 0: releasing idle compiler thread (0 other threads still attached)
Event: 886.087 Thread 0x00007f17c00b2210 shutting down HotSpotJVMCIRuntime for JVMCI runtime 0
Event: 886.087 Thread 0x00007f17c00b2210 compacted oop handles in JVMCI runtime 0 from 151 to 58
Event: 886.087 Thread 0x00007f17c00b2210 shut down JVMCI runtime 0
Event: 887.712 Thread 0x00007f17c00b2210 destroyed JavaVM[3]@0x00007f176bd9e340 for JVMCI runtime 0
Event: 887.712 Thread 0x00007f17c00b2210 compacted oop handles in JVMCI runtime 0 from 58 to 58
Event: 887.712 Thread 0x00007f17c00b2210 releasing handles for JVMCI runtime 0: oop handles=58, metadata handles={total=608, live=602, blocks=43}
Event: 887.712 Thread 0x00007f17c00b2210 detached from JVMCI runtime 0
Event: 967.835 Thread 0x00007f17c00b2210 attached to JVMCI runtime 0
Event: 967.836 Thread 0x00007f17c00b2210 created JavaVM[4]@0x00007f176bd9e340 for JVMCI runtime 0
Event: 969.164 Thread 0x00007f17c00b2210 initializing JVMCI runtime 0
Event: 969.164 Thread 0x00007f17c00b2210 done waiting for JavaVM references initialization in JVMCI runtime 0

Compilation events (20 events):
Event: 923.357 Thread 0x00007f17c00b3720 nmethod 11160 0x00007f17a8c22490 code [0x00007f17a8c22640, 0x00007f17a8c227a0]
Event: 923.357 Thread 0x00007f17c00b3720 11161       3       jdk.internal.misc.Unsafe::putIntOpaque (9 bytes)
Event: 923.357 Thread 0x00007f17c00b3720 nmethod 11161 0x00007f17a8c22890 code [0x00007f17a8c22a20, 0x00007f17a8c22b30]
Event: 948.953 Thread 0x00007f17c00b3720 11162       3       java.util.concurrent.ScheduledThreadPoolExecutor::canRunInCurrentRunState (61 bytes)
Event: 948.954 Thread 0x00007f17c00b3720 nmethod 11162 0x00007f17a8c22c10 code [0x00007f17a8c22e20, 0x00007f17a8c238c0]
Event: 953.735 Thread 0x00007f17c00b3720 11163   !   3       sun.nio.cs.StreamDecoder::forInputStreamReader (38 bytes)
Event: 957.993 Thread 0x00007f17c00b3720 nmethod 11163 0x00007f17a8c23b10 code [0x00007f17a8c23d20, 0x00007f17a8c24220]
Event: 957.993 Thread 0x00007f17c00b3720 11164       3       org.eclipse.core.filesystem.provider.FileInfo::isDirectory (6 bytes)
Event: 960.727 Thread 0x00007f17c00b3720 nmethod 11164 0x00007f17a8c24510 code [0x00007f17a8c246c0, 0x00007f17a8c24890]
Event: 960.727 Thread 0x00007f17c00b3720 11165   !   3       java.util.concurrent.locks.AbstractQueuedSynchronizer::acquire (407 bytes)
Event: 960.729 Thread 0x00007f17c00b3720 nmethod 11165 0x00007f17a8c24990 code [0x00007f17a8c24d00, 0x00007f17a8c26b20]
Event: 967.835 Thread 0x00007f17c00b2210 11166       4       org.eclipse.jdt.internal.compiler.util.Util::getLineNumber (89 bytes)
Event: 970.710 Thread 0x00007f17c00b3720 11167       3       java.util.Calendar::setFieldsComputed (118 bytes)
Event: 970.710 Thread 0x00007f17c00b3720 nmethod 11167 0x00007f17a8c27410 code [0x00007f17a8c275e0, 0x00007f17a8c27a50]
Event: 982.220 Thread 0x00007f17c00b3720 11169       3       org.eclipse.jdt.internal.compiler.parser.Parser::consumeMethodInvocationName (195 bytes)
Event: 986.142 Thread 0x00007f17c00b3720 nmethod 11169 0x00007f17a8c27d10 code [0x00007f17a8c27f40, 0x00007f17a8c29340]
Event: 986.142 Thread 0x00007f17c00b3720 11170       3       org.eclipse.jdt.internal.compiler.parser.Parser::consumeBinaryExpression (776 bytes)
Event: 986.185 Thread 0x00007f17c00b3720 nmethod 11170 0x00007f17a8c29710 code [0x00007f17a8c29d00, 0x00007f17a8c316d0]
Event: 992.906 Thread 0x00007f17c00b3720 11171       3       org.eclipse.jdt.internal.compiler.parser.Scanner::getCurrentTokenSource (61 bytes)
Event: 994.315 Thread 0x00007f17c00b3720 nmethod 11171 0x00007f17a8c32610 code [0x00007f17a8c327e0, 0x00007f17a8c32c10]

GC Heap History (20 events):
Event: 987.512 GC heap before
{Heap before GC invocations=633 (full 550):
 PSYoungGen      total 89600K, used 54114K [0x00000000f5580000, 0x00000000fdb80000, 0x0000000100000000)
  eden space 49664K, 100% used [0x00000000f5580000,0x00000000f8600000,0x00000000f8600000)
  from space 39936K, 11% used [0x00000000f8600000,0x00000000f8a58a70,0x00000000fad00000)
  to   space 39936K, 0% used [0x00000000fb480000,0x00000000fb480000,0x00000000fdb80000)
 ParOldGen       total 349696K, used 349691K [0x00000000e0000000, 0x00000000f5580000, 0x00000000f5580000)
  object space 349696K, 99% used [0x00000000e0000000,0x00000000f557ec78,0x00000000f5580000)
 Metaspace       used 62051K, committed 63040K, reserved 1105920K
  class space    used 5913K, committed 6336K, reserved 1048576K
}
Event: 988.940 GC heap after
{Heap after GC invocations=633 (full 550):
 PSYoungGen      total 89600K, used 54114K [0x00000000f5580000, 0x00000000fdb80000, 0x0000000100000000)
  eden space 49664K, 100% used [0x00000000f5580000,0x00000000f8600000,0x00000000f8600000)
  from space 39936K, 11% used [0x00000000f8600000,0x00000000f8a58a70,0x00000000fad00000)
  to   space 39936K, 0% used [0x00000000fb480000,0x00000000fb480000,0x00000000fdb80000)
 ParOldGen       total 349696K, used 349691K [0x00000000e0000000, 0x00000000f5580000, 0x00000000f5580000)
  object space 349696K, 99% used [0x00000000e0000000,0x00000000f557ec78,0x00000000f5580000)
 Metaspace       used 62051K, committed 63040K, reserved 1105920K
  class space    used 5913K, committed 6336K, reserved 1048576K
}
Event: 988.984 GC heap before
{Heap before GC invocations=634 (full 551):
 PSYoungGen      total 89600K, used 54114K [0x00000000f5580000, 0x00000000fdb80000, 0x0000000100000000)
  eden space 49664K, 100% used [0x00000000f5580000,0x00000000f8600000,0x00000000f8600000)
  from space 39936K, 11% used [0x00000000f8600000,0x00000000f8a58a70,0x00000000fad00000)
  to   space 39936K, 0% used [0x00000000fb480000,0x00000000fb480000,0x00000000fdb80000)
 ParOldGen       total 349696K, used 349694K [0x00000000e0000000, 0x00000000f5580000, 0x00000000f5580000)
  object space 349696K, 99% used [0x00000000e0000000,0x00000000f557f868,0x00000000f5580000)
 Metaspace       used 62051K, committed 63040K, reserved 1105920K
  class space    used 5913K, committed 6336K, reserved 1048576K
}
Event: 990.211 GC heap after
{Heap after GC invocations=634 (full 551):
 PSYoungGen      total 89600K, used 54114K [0x00000000f5580000, 0x00000000fdb80000, 0x0000000100000000)
  eden space 49664K, 100% used [0x00000000f5580000,0x00000000f8600000,0x00000000f8600000)
  from space 39936K, 11% used [0x00000000f8600000,0x00000000f8a58a70,0x00000000fad00000)
  to   space 39936K, 0% used [0x00000000fb480000,0x00000000fb480000,0x00000000fdb80000)
 ParOldGen       total 349696K, used 349693K [0x00000000e0000000, 0x00000000f5580000, 0x00000000f5580000)
  object space 349696K, 99% used [0x00000000e0000000,0x00000000f557f658,0x00000000f5580000)
 Metaspace       used 62051K, committed 63040K, reserved 1105920K
  class space    used 5913K, committed 6336K, reserved 1048576K
}
Event: 990.212 GC heap before
{Heap before GC invocations=635 (full 552):
 PSYoungGen      total 89600K, used 54114K [0x00000000f5580000, 0x00000000fdb80000, 0x0000000100000000)
  eden space 49664K, 100% used [0x00000000f5580000,0x00000000f8600000,0x00000000f8600000)
  from space 39936K, 11% used [0x00000000f8600000,0x00000000f8a58a70,0x00000000fad00000)
  to   space 39936K, 0% used [0x00000000fb480000,0x00000000fb480000,0x00000000fdb80000)
 ParOldGen       total 349696K, used 349695K [0x00000000e0000000, 0x00000000f5580000, 0x00000000f5580000)
  object space 349696K, 99% used [0x00000000e0000000,0x00000000f557fde8,0x00000000f5580000)
 Metaspace       used 62051K, committed 63040K, reserved 1105920K
  class space    used 5913K, committed 6336K, reserved 1048576K
}
Event: 991.536 GC heap after
{Heap after GC invocations=635 (full 552):
 PSYoungGen      total 89600K, used 54114K [0x00000000f5580000, 0x00000000fdb80000, 0x0000000100000000)
  eden space 49664K, 100% used [0x00000000f5580000,0x00000000f8600000,0x00000000f8600000)
  from space 39936K, 11% used [0x00000000f8600000,0x00000000f8a58a40,0x00000000fad00000)
  to   space 39936K, 0% used [0x00000000fb480000,0x00000000fb480000,0x00000000fdb80000)
 ParOldGen       total 349696K, used 349691K [0x00000000e0000000, 0x00000000f5580000, 0x00000000f5580000)
  object space 349696K, 99% used [0x00000000e0000000,0x00000000f557ecc8,0x00000000f5580000)
 Metaspace       used 62051K, committed 63040K, reserved 1105920K
  class space    used 5913K, committed 6336K, reserved 1048576K
}
Event: 991.584 GC heap before
{Heap before GC invocations=636 (full 553):
 PSYoungGen      total 89600K, used 54114K [0x00000000f5580000, 0x00000000fdb80000, 0x0000000100000000)
  eden space 49664K, 100% used [0x00000000f5580000,0x00000000f8600000,0x00000000f8600000)
  from space 39936K, 11% used [0x00000000f8600000,0x00000000f8a58a40,0x00000000fad00000)
  to   space 39936K, 0% used [0x00000000fb480000,0x00000000fb480000,0x00000000fdb80000)
 ParOldGen       total 349696K, used 349693K [0x00000000e0000000, 0x00000000f5580000, 0x00000000f5580000)
  object space 349696K, 99% used [0x00000000e0000000,0x00000000f557f5c0,0x00000000f5580000)
 Metaspace       used 62051K, committed 63040K, reserved 1105920K
  class space    used 5913K, committed 6336K, reserved 1048576K
}
Event: 992.905 GC heap after
{Heap after GC invocations=636 (full 553):
 PSYoungGen      total 89600K, used 54114K [0x00000000f5580000, 0x00000000fdb80000, 0x0000000100000000)
  eden space 49664K, 99% used [0x00000000f5580000,0x00000000f85fffc8,0x00000000f8600000)
  from space 39936K, 11% used [0x00000000f8600000,0x00000000f8a58a40,0x00000000fad00000)
  to   space 39936K, 0% used [0x00000000fb480000,0x00000000fb480000,0x00000000fdb80000)
 ParOldGen       total 349696K, used 349691K [0x00000000e0000000, 0x00000000f5580000, 0x00000000f5580000)
  object space 349696K, 99% used [0x00000000e0000000,0x00000000f557eea0,0x00000000f5580000)
 Metaspace       used 62051K, committed 63040K, reserved 1105920K
  class space    used 5913K, committed 6336K, reserved 1048576K
}
Event: 992.906 GC heap before
{Heap before GC invocations=637 (full 554):
 PSYoungGen      total 89600K, used 54114K [0x00000000f5580000, 0x00000000fdb80000, 0x0000000100000000)
  eden space 49664K, 99% used [0x00000000f5580000,0x00000000f85ffff0,0x00000000f8600000)
  from space 39936K, 11% used [0x00000000f8600000,0x00000000f8a58a40,0x00000000fad00000)
  to   space 39936K, 0% used [0x00000000fb480000,0x00000000fb480000,0x00000000fdb80000)
 ParOldGen       total 349696K, used 349691K [0x00000000e0000000, 0x00000000f5580000, 0x00000000f5580000)
  object space 349696K, 99% used [0x00000000e0000000,0x00000000f557eea0,0x00000000f5580000)
 Metaspace       used 62051K, committed 63040K, reserved 1105920K
  class space    used 5913K, committed 6336K, reserved 1048576K
}
Event: 994.315 GC heap after
{Heap after GC invocations=637 (full 554):
 PSYoungGen      total 89600K, used 54114K [0x00000000f5580000, 0x00000000fdb80000, 0x0000000100000000)
  eden space 49664K, 99% used [0x00000000f5580000,0x00000000f85ffff0,0x00000000f8600000)
  from space 39936K, 11% used [0x00000000f8600000,0x00000000f8a58a40,0x00000000fad00000)
  to   space 39936K, 0% used [0x00000000fb480000,0x00000000fb480000,0x00000000fdb80000)
 ParOldGen       total 349696K, used 349691K [0x00000000e0000000, 0x00000000f5580000, 0x00000000f5580000)
  object space 349696K, 99% used [0x00000000e0000000,0x00000000f557eea0,0x00000000f5580000)
 Metaspace       used 62051K, committed 63040K, reserved 1105920K
  class space    used 5913K, committed 6336K, reserved 1048576K
}
Event: 994.315 GC heap before
{Heap before GC invocations=638 (full 555):
 PSYoungGen      total 89600K, used 54114K [0x00000000f5580000, 0x00000000fdb80000, 0x0000000100000000)
  eden space 49664K, 99% used [0x00000000f5580000,0x00000000f85ffff0,0x00000000f8600000)
  from space 39936K, 11% used [0x00000000f8600000,0x00000000f8a58a40,0x00000000fad00000)
  to   space 39936K, 0% used [0x00000000fb480000,0x00000000fb480000,0x00000000fdb80000)
 ParOldGen       total 349696K, used 349694K [0x00000000e0000000, 0x00000000f5580000, 0x00000000f5580000)
  object space 349696K, 99% used [0x00000000e0000000,0x00000000f557f878,0x00000000f5580000)
 Metaspace       used 62051K, committed 63040K, reserved 1105920K
  class space    used 5913K, committed 6336K, reserved 1048576K
}
Event: 995.719 GC heap after
{Heap after GC invocations=638 (full 555):
 PSYoungGen      total 89600K, used 54114K [0x00000000f5580000, 0x00000000fdb80000, 0x0000000100000000)
  eden space 49664K, 99% used [0x00000000f5580000,0x00000000f85ffff0,0x00000000f8600000)
  from space 39936K, 11% used [0x00000000f8600000,0x00000000f8a58a40,0x00000000fad00000)
  to   space 39936K, 0% used [0x00000000fb480000,0x00000000fb480000,0x00000000fdb80000)
 ParOldGen       total 349696K, used 349692K [0x00000000e0000000, 0x00000000f5580000, 0x00000000f5580000)
  object space 349696K, 99% used [0x00000000e0000000,0x00000000f557f188,0x00000000f5580000)
 Metaspace       used 62051K, committed 63040K, reserved 1105920K
  class space    used 5913K, committed 6336K, reserved 1048576K
}
Event: 995.719 GC heap before
{Heap before GC invocations=639 (full 556):
 PSYoungGen      total 89600K, used 54114K [0x00000000f5580000, 0x00000000fdb80000, 0x0000000100000000)
  eden space 49664K, 100% used [0x00000000f5580000,0x00000000f8600000,0x00000000f8600000)
  from space 39936K, 11% used [0x00000000f8600000,0x00000000f8a58a40,0x00000000fad00000)
  to   space 39936K, 0% used [0x00000000fb480000,0x00000000fb480000,0x00000000fdb80000)
 ParOldGen       total 349696K, used 349695K [0x00000000e0000000, 0x00000000f5580000, 0x00000000f5580000)
  object space 349696K, 99% used [0x00000000e0000000,0x00000000f557ff98,0x00000000f5580000)
 Metaspace       used 62051K, committed 63040K, reserved 1105920K
  class space    used 5913K, committed 6336K, reserved 1048576K
}
Event: 996.937 GC heap after
{Heap after GC invocations=639 (full 556):
 PSYoungGen      total 89600K, used 54114K [0x00000000f5580000, 0x00000000fdb80000, 0x0000000100000000)
  eden space 49664K, 99% used [0x00000000f5580000,0x00000000f85fffb8,0x00000000f8600000)
  from space 39936K, 11% used [0x00000000f8600000,0x00000000f8a58a40,0x00000000fad00000)
  to   space 39936K, 0% used [0x00000000fb480000,0x00000000fb480000,0x00000000fdb80000)
 ParOldGen       total 349696K, used 349695K [0x00000000e0000000, 0x00000000f5580000, 0x00000000f5580000)
  object space 349696K, 99% used [0x00000000e0000000,0x00000000f557fc00,0x00000000f5580000)
 Metaspace       used 62051K, committed 63040K, reserved 1105920K
  class space    used 5913K, committed 6336K, reserved 1048576K
}
Event: 996.937 GC heap before
{Heap before GC invocations=640 (full 557):
 PSYoungGen      total 89600K, used 54114K [0x00000000f5580000, 0x00000000fdb80000, 0x0000000100000000)
  eden space 49664K, 99% used [0x00000000f5580000,0x00000000f85fffe8,0x00000000f8600000)
  from space 39936K, 11% used [0x00000000f8600000,0x00000000f8a58a40,0x00000000fad00000)
  to   space 39936K, 0% used [0x00000000fb480000,0x00000000fb480000,0x00000000fdb80000)
 ParOldGen       total 349696K, used 349695K [0x00000000e0000000, 0x00000000f5580000, 0x00000000f5580000)
  object space 349696K, 99% used [0x00000000e0000000,0x00000000f557fc00,0x00000000f5580000)
 Metaspace       used 62051K, committed 63040K, reserved 1105920K
  class space    used 5913K, committed 6336K, reserved 1048576K
}
Event: 998.400 GC heap after
{Heap after GC invocations=640 (full 557):
 PSYoungGen      total 89600K, used 54114K [0x00000000f5580000, 0x00000000fdb80000, 0x0000000100000000)
  eden space 49664K, 99% used [0x00000000f5580000,0x00000000f85fffe8,0x00000000f8600000)
  from space 39936K, 11% used [0x00000000f8600000,0x00000000f8a58a40,0x00000000fad00000)
  to   space 39936K, 0% used [0x00000000fb480000,0x00000000fb480000,0x00000000fdb80000)
 ParOldGen       total 349696K, used 349695K [0x00000000e0000000, 0x00000000f5580000, 0x00000000f5580000)
  object space 349696K, 99% used [0x00000000e0000000,0x00000000f557fc00,0x00000000f5580000)
 Metaspace       used 62051K, committed 63040K, reserved 1105920K
  class space    used 5913K, committed 6336K, reserved 1048576K
}
Event: 998.400 GC heap before
{Heap before GC invocations=641 (full 558):
 PSYoungGen      total 89600K, used 54114K [0x00000000f5580000, 0x00000000fdb80000, 0x0000000100000000)
  eden space 49664K, 99% used [0x00000000f5580000,0x00000000f85ffff8,0x00000000f8600000)
  from space 39936K, 11% used [0x00000000f8600000,0x00000000f8a58a40,0x00000000fad00000)
  to   space 39936K, 0% used [0x00000000fb480000,0x00000000fb480000,0x00000000fdb80000)
 ParOldGen       total 349696K, used 349695K [0x00000000e0000000, 0x00000000f5580000, 0x00000000f5580000)
  object space 349696K, 99% used [0x00000000e0000000,0x00000000f557fc98,0x00000000f5580000)
 Metaspace       used 62051K, committed 63040K, reserved 1105920K
  class space    used 5913K, committed 6336K, reserved 1048576K
}
Event: 1000.527 GC heap after
{Heap after GC invocations=641 (full 558):
 PSYoungGen      total 89600K, used 54114K [0x00000000f5580000, 0x00000000fdb80000, 0x0000000100000000)
  eden space 49664K, 99% used [0x00000000f5580000,0x00000000f85fff88,0x00000000f8600000)
  from space 39936K, 11% used [0x00000000f8600000,0x00000000f8a58a40,0x00000000fad00000)
  to   space 39936K, 0% used [0x00000000fb480000,0x00000000fb480000,0x00000000fdb80000)
 ParOldGen       total 349696K, used 349694K [0x00000000e0000000, 0x00000000f5580000, 0x00000000f5580000)
  object space 349696K, 99% used [0x00000000e0000000,0x00000000f557faf0,0x00000000f5580000)
 Metaspace       used 62051K, committed 63040K, reserved 1105920K
  class space    used 5913K, committed 6336K, reserved 1048576K
}
Event: 1000.527 GC heap before
{Heap before GC invocations=642 (full 559):
 PSYoungGen      total 89600K, used 54114K [0x00000000f5580000, 0x00000000fdb80000, 0x0000000100000000)
  eden space 49664K, 99% used [0x00000000f5580000,0x00000000f85fff88,0x00000000f8600000)
  from space 39936K, 11% used [0x00000000f8600000,0x00000000f8a58a40,0x00000000fad00000)
  to   space 39936K, 0% used [0x00000000fb480000,0x00000000fb480000,0x00000000fdb80000)
 ParOldGen       total 349696K, used 349694K [0x00000000e0000000, 0x00000000f5580000, 0x00000000f5580000)
  object space 349696K, 99% used [0x00000000e0000000,0x00000000f557faf0,0x00000000f5580000)
 Metaspace       used 62051K, committed 63040K, reserved 1105920K
  class space    used 5913K, committed 6336K, reserved 1048576K
}
Event: 1001.941 GC heap after
{Heap after GC invocations=642 (full 559):
 PSYoungGen      total 89600K, used 54114K [0x00000000f5580000, 0x00000000fdb80000, 0x0000000100000000)
  eden space 49664K, 99% used [0x00000000f5580000,0x00000000f85ffea8,0x00000000f8600000)
  from space 39936K, 11% used [0x00000000f8600000,0x00000000f8a58a40,0x00000000fad00000)
  to   space 39936K, 0% used [0x00000000fb480000,0x00000000fb480000,0x00000000fdb80000)
 ParOldGen       total 349696K, used 349694K [0x00000000e0000000, 0x00000000f5580000, 0x00000000f5580000)
  object space 349696K, 99% used [0x00000000e0000000,0x00000000f557f950,0x00000000f5580000)
 Metaspace       used 62051K, committed 63040K, reserved 1105920K
  class space    used 5913K, committed 6336K, reserved 1048576K
}

Dll operation events (9 events):
Event: 0.012 Loaded shared library /nix/store/gpxl5qgg8kicmcvivwmybwjlpf7wh20l-graalvm17-ce-22.3.0/lib/libjava.so
Event: 0.091 Loaded shared library /nix/store/gpxl5qgg8kicmcvivwmybwjlpf7wh20l-graalvm17-ce-22.3.0/lib/libjsvml.so
Event: 0.793 Loaded shared library /nix/store/gpxl5qgg8kicmcvivwmybwjlpf7wh20l-graalvm17-ce-22.3.0/lib/libnio.so
Event: 0.797 Loaded shared library /nix/store/gpxl5qgg8kicmcvivwmybwjlpf7wh20l-graalvm17-ce-22.3.0/lib/libzip.so
Event: 0.799 Loaded shared library /nix/store/gpxl5qgg8kicmcvivwmybwjlpf7wh20l-graalvm17-ce-22.3.0/lib/libjvmcicompiler.so
Event: 1.685 Loaded shared library /nix/store/gpxl5qgg8kicmcvivwmybwjlpf7wh20l-graalvm17-ce-22.3.0/lib/libjimage.so
Event: 3.221 Loaded shared library /nix/store/gpxl5qgg8kicmcvivwmybwjlpf7wh20l-graalvm17-ce-22.3.0/lib/libnet.so
Event: 10.486 Loaded shared library /home/runner/.cache/jdt-language-server/config/org.eclipse.equinox.launcher/org.eclipse.equinox.launcher.gtk.linux.x86_64_1.2.400.v20211117-0650/eclipse_11600.so
Event: 28.586 Loaded shared library /nix/store/gpxl5qgg8kicmcvivwmybwjlpf7wh20l-graalvm17-ce-22.3.0/lib/libextnet.so

Deoptimization events (20 events):
Event: 99.623 Thread 0x00007f17544eaca0 DEOPT PACKING pc=0x00007f17a8b8cddd sp=0x00007f176cffe530
Event: 99.623 Thread 0x00007f17544eaca0 DEOPT UNPACKING pc=0x00007f17a7505325 sp=0x00007f176cffda20 mode 0
Event: 120.245 Thread 0x00007f172c0fd810 Uncommon trap: trap_request=0xffffffcd fr.pc=0x00007f17af1e5aee relative=0x000000000000006e
Event: 120.245 Thread 0x00007f172c0fd810 Uncommon trap: reason=intrinsic_or_type_checked_inlining action=reinterpret pc=0x00007f17af1e5aee method=org.eclipse.jdt.internal.core.JavaElement.getJavaProject()Lorg/eclipse/jdt/core/IJavaProject; @ 0 jvmci
Event: 120.245 Thread 0x00007f172c0fd810 DEOPT PACKING pc=0x00007f17af1e5aee sp=0x00007f176d4fde80
Event: 120.245 Thread 0x00007f172c0fd810 DEOPT UNPACKING pc=0x00007f17a7505325 sp=0x00007f176d4fd328 mode 3
Event: 166.993 Thread 0x00007f172c1a7a50 Uncommon trap: trap_request=0xffffffed fr.pc=0x00007f17af1c6610 relative=0x00000000000001f0
Event: 166.993 Thread 0x00007f172c1a7a50 Uncommon trap: reason=null_assert_or_unreached0 action=reinterpret pc=0x00007f17af1c6610 method=java.lang.Integer.parseInt(Ljava/lang/String;I)I @ 166 jvmci
Event: 166.993 Thread 0x00007f172c1a7a50 DEOPT PACKING pc=0x00007f17af1c6610 sp=0x00007f176d1fe5c0
Event: 166.993 Thread 0x00007f172c1a7a50 DEOPT UNPACKING pc=0x00007f17a7505325 sp=0x00007f176d1fd9c0 mode 3
Event: 166.994 Thread 0x00007f172c1a7a50 Uncommon trap: trap_request=0xffffffcd fr.pc=0x00007f17af200259 relative=0x0000000000000099
Event: 166.994 Thread 0x00007f172c1a7a50 Uncommon trap: reason=intrinsic_or_type_checked_inlining action=reinterpret pc=0x00007f17af200259 method=org.eclipse.jdt.internal.core.JavaElement.getJavaProject()Lorg/eclipse/jdt/core/IJavaProject; @ 0 jvmci
Event: 166.994 Thread 0x00007f172c1a7a50 DEOPT PACKING pc=0x00007f17af200259 sp=0x00007f176d1fe3b0
Event: 166.994 Thread 0x00007f172c1a7a50 DEOPT UNPACKING pc=0x00007f17a7505325 sp=0x00007f176d1fd858 mode 3
Event: 174.838 Thread 0x00007f172c1a7a50 DEOPT PACKING pc=0x00007f17a8a13d13 sp=0x00007f176d1fcbc0
Event: 174.838 Thread 0x00007f172c1a7a50 DEOPT UNPACKING pc=0x00007f17a7505325 sp=0x00007f176d1fc288 mode 0
Event: 179.203 Thread 0x00007f172c101f00 DEOPT PACKING pc=0x00007f17a82c35c8 sp=0x00007f176d4fd800
Event: 179.203 Thread 0x00007f172c101f00 DEOPT UNPACKING pc=0x00007f17a7505325 sp=0x00007f176d4fcd38 mode 0
Event: 187.142 Thread 0x00007f172c1a7a50 DEOPT PACKING pc=0x00007f17a897c150 sp=0x00007f176d1fd660
Event: 187.142 Thread 0x00007f172c1a7a50 DEOPT UNPACKING pc=0x00007f17a7505325 sp=0x00007f176d1fcaa8 mode 0

Classes unloaded (20 events):
Event: 184.846 Thread 0x00007f17c00a1c10 Unloading class 0x00000008010fcc00 'jdk/internal/reflect/GeneratedSerializationConstructorAccessor10'
Event: 184.846 Thread 0x00007f17c00a1c10 Unloading class 0x00000008010fc800 'jdk/internal/reflect/GeneratedSerializationConstructorAccessor9'
Event: 184.846 Thread 0x00007f17c00a1c10 Unloading class 0x00000008010fc400 'jdk/internal/reflect/GeneratedSerializationConstructorAccessor8'
Event: 184.846 Thread 0x00007f17c00a1c10 Unloading class 0x0000000801086400 'jdk/internal/reflect/GeneratedSerializationConstructorAccessor2'
Event: 184.846 Thread 0x00007f17c00a1c10 Unloading class 0x0000000801086000 'jdk/internal/reflect/GeneratedSerializationConstructorAccessor1'
Event: 196.099 Thread 0x00007f17c00a1c10 Unloading class 0x00000008010d8800 'jdk/internal/reflect/GeneratedMethodAccessor10'
Event: 196.099 Thread 0x00007f17c00a1c10 Unloading class 0x00000008010d8400 'jdk/internal/reflect/GeneratedMethodAccessor9'
Event: 196.099 Thread 0x00007f17c00a1c10 Unloading class 0x00000008010d8000 'jdk/internal/reflect/GeneratedMethodAccessor8'
Event: 196.099 Thread 0x00007f17c00a1c10 Unloading class 0x00000008010d1c00 'jdk/internal/reflect/GeneratedMethodAccessor7'
Event: 201.930 Thread 0x00007f17c00a1c10 Unloading class 0x0000000801100400 'jdk/internal/reflect/GeneratedMethodAccessor11'
Event: 209.531 Thread 0x00007f17c00a1c10 Unloading class 0x0000000801231000 'jdk/internal/reflect/GeneratedConstructorAccessor40'
Event: 214.326 Thread 0x00007f17c00a1c10 Unloading class 0x0000000801230400 'jdk/internal/reflect/GeneratedConstructorAccessor39'
Event: 265.030 Thread 0x00007f17c00a1c10 Unloading class 0x0000000801051000 'java/lang/invoke/LambdaForm$MH+0x0000000801051000'
Event: 265.030 Thread 0x00007f17c00a1c10 Unloading class 0x0000000801050c00 'java/lang/invoke/LambdaForm$MH+0x0000000801050c00'
Event: 265.030 Thread 0x00007f17c00a1c10 Unloading class 0x0000000801050800 'java/lang/invoke/LambdaForm$MH+0x0000000801050800'
Event: 265.030 Thread 0x00007f17c00a1c10 Unloading class 0x0000000801050400 'java/lang/invoke/LambdaForm$MH+0x0000000801050400'
Event: 265.030 Thread 0x00007f17c00a1c10 Unloading class 0x0000000801050000 'java/lang/invoke/LambdaForm$MH+0x0000000801050000'
Event: 265.030 Thread 0x00007f17c00a1c10 Unloading class 0x000000080104a400 'java/lang/invoke/LambdaForm$MH+0x000000080104a400'
Event: 265.030 Thread 0x00007f17c00a1c10 Unloading class 0x0000000800d98400 'java/lang/invoke/LambdaForm$MH+0x0000000800d98400'
Event: 326.841 Thread 0x00007f17c00a1c10 Unloading class 0x00000008010fc000 'jdk/internal/reflect/GeneratedConstructorAccessor36'

Classes redefined (0 events):
No events

Internal exceptions (20 events):
Event: 66.697 Thread 0x00007f1730000ff0 Exception <a 'java/lang/NoSuchMethodError'{0x00000000f5633380}: static [Lorg/eclipse/core/runtime/IPath;.<clinit>()V> (0x00000000f5633380) 
thrown [src/hotspot/share/prims/jni.cpp, line 1107]
Event: 66.703 Thread 0x00007f1730000ff0 Exception <a 'java/lang/NoSuchMethodError'{0x00000000f56af750}: static [J.<clinit>()V> (0x00000000f56af750) 
thrown [src/hotspot/share/prims/jni.cpp, line 1107]
Event: 71.087 Thread 0x00007f175436d2e0 Implicit null exception at 0x00007f17af165d22 to 0x00007f17af1660b2
Event: 71.725 Thread 0x00007f175436d2e0 Implicit null exception at 0x00007f17af0cd7e9 to 0x00007f17af0cd99b
Event: 77.001 Thread 0x00007f17480010d0 Exception <a 'java/io/FileNotFoundException'{0x00000000f5f03198}> (0x00000000f5f03198) 
thrown [src/hotspot/share/prims/jni.cpp, line 516]
Event: 77.090 Thread 0x00007f17480010d0 Exception <a 'java/lang/NoSuchMethodError'{0x00000000f6091238}: 'java.lang.Object java.lang.invoke.DirectMethodHandle$Holder.newInvokeSpecial(java.lang.Object, java.lang.Object, int, java.lang.Object, java.lang.Object)'> (0x00000000f6091238) 
thrown [src/hotspot/share/interpreter/linkResolver.cpp, line 758]
Event: 77.098 Thread 0x00007f17480010d0 Exception <a 'java/lang/NoSuchMethodError'{0x00000000f6095668}: 'java.lang.Object java.lang.invoke.DirectMethodHandle$Holder.invokeSpecial(java.lang.Object, java.lang.Object, java.lang.Object, int, java.lang.Object, java.lang.Object)'> (0x00000000f6095668) 
thrown [src/hotspot/share/interpreter/linkResolver.cpp, line 758]
Event: 77.307 Thread 0x00007f17480010d0 Exception <a 'java/lang/NoSuchMethodError'{0x00000000f72cb4b8}: 'java.lang.Object java.lang.invoke.DirectMethodHandle$Holder.newInvokeSpecial(java.lang.Object, java.lang.Object, java.lang.Object, int, java.lang.Object)'> (0x00000000f72cb4b8) 
thrown [src/hotspot/share/interpreter/linkResolver.cpp, line 758]
Event: 77.308 Thread 0x00007f17480010d0 Exception <a 'java/lang/NoSuchMethodError'{0x00000000f72cf668}: 'java.lang.Object java.lang.invoke.DirectMethodHandle$Holder.invokeSpecial(java.lang.Object, java.lang.Object, java.lang.Object, java.lang.Object, int, java.lang.Object)'> (0x00000000f72cf668) 
thrown [src/hotspot/share/interpreter/linkResolver.cpp, line 758]
Event: 77.308 Thread 0x00007f17480010d0 Exception <a 'java/lang/NoSuchMethodError'{0x00000000f72d3150}: 'java.lang.Object java.lang.invoke.Invokers$Holder.linkToTargetMethod(java.lang.Object, java.lang.Object, int, java.lang.Object, java.lang.Object)'> (0x00000000f72d3150) 
thrown [src/hotspot/share/interpreter/linkResolver.cpp, line 758]
Event: 81.111 Thread 0x00007f172c1a7a50 Exception <a 'java/lang/NoSuchMethodError'{0x00000000f55cc008}: 'java.lang.Object java.lang.invoke.DirectMethodHandle$Holder.invokeStatic(java.lang.Object, int, java.lang.Object, java.lang.Object, java.lang.Object, java.lang.Object)'> (0x00000000f55cc008) 
thrown [src/hotspot/share/interpreter/linkResolver.cpp, line 758]
Event: 81.112 Thread 0x00007f172c1a7a50 Exception <a 'java/lang/NoSuchMethodError'{0x00000000f55d4528}: 'java.lang.Object java.lang.invoke.DirectMethodHandle$Holder.newInvokeSpecial(java.lang.Object, int, java.lang.Object, java.lang.Object, java.lang.Object)'> (0x00000000f55d4528) 
thrown [src/hotspot/share/interpreter/linkResolver.cpp, line 758]
Event: 81.387 Thread 0x00007f172c1a85d0 Exception <a 'java/lang/NoSuchMethodError'{0x00000000f5ffbfb0}: 'java.lang.Object java.lang.invoke.DirectMethodHandle$Holder.newInvokeSpecial(java.lang.Object, java.lang.Object, int, java.lang.Object, java.lang.Object, java.lang.Object, java.lang.Object)'> (0x00000000f5ffbfb0) 
thrown [src/hotspot/share/interpreter/linkResolver.cpp, line 758]
Event: 81.605 Thread 0x00007f172c1a85d0 Exception <a 'java/lang/NoSuchMethodError'{0x00000000f65e9850}: 'void java.lang.invoke.DirectMethodHandle$Holder.invokeSpecial(java.lang.Object, java.lang.Object, int)'> (0x00000000f65e9850) 
thrown [src/hotspot/share/interpreter/linkResolver.cpp, line 758]
Event: 83.600 Thread 0x00007f172c1a7a50 Exception <a 'java/lang/NoSuchMethodError'{0x00000000f8c04548}: 'int java.lang.invoke.DirectMethodHandle$Holder.invokeSpecialIFC(java.lang.Object, java.lang.Object, java.lang.Object, java.lang.Object)'> (0x00000000f8c04548) 
thrown [src/hotspot/share/interpreter/linkResolver.cpp, line 758]
Event: 83.610 Thread 0x00007f17480074f0 Exception <a 'java/lang/NoSuchMethodError'{0x00000000f8e07c50}: 'java.lang.Object java.lang.invoke.DirectMethodHandle$Holder.invokeStatic(java.lang.Object, java.lang.Object, int, java.lang.Object)'> (0x00000000f8e07c50) 
thrown [src/hotspot/share/interpreter/linkResolver.cpp, line 758]
Event: 83.611 Thread 0x00007f17480074f0 Exception <a 'java/lang/NoSuchMethodError'{0x00000000f8e107a0}: 'java.lang.Object java.lang.invoke.DirectMethodHandle$Holder.newInvokeSpecial(java.lang.Object, java.lang.Object, int)'> (0x00000000f8e107a0) 
thrown [src/hotspot/share/interpreter/linkResolver.cpp, line 758]
Event: 147.291 Thread 0x00007f17c0423f20 Exception <a 'java/lang/ClassNotFoundException'{0x00000000f85d7690}: sun/util/logging/resources/spi/loggingProvider> (0x00000000f85d7690) 
thrown [src/hotspot/share/classfile/systemDictionary.cpp, line 256]
Event: 229.115 Thread 0x00007f172c1a7a50 Exception <a 'java/io/FileNotFoundException'{0x00000000f85f75d8}> (0x00000000f85f75d8) 
thrown [src/hotspot/share/prims/jni.cpp, line 516]
Event: 1001.941 Thread 0x00007f17c00b2210 Exception <a 'java/lang/OutOfMemoryError'{0x00000000e001d1f8}> (0x00000000e001d1f8) 
thrown [src/hotspot/share/gc/shared/memAllocator.cpp, line 136]

VM Operations (20 events):
Event: 986.186 Executing VM operation: ParallelGCFailedAllocation
Event: 987.506 Executing VM operation: ParallelGCFailedAllocation done
Event: 987.506 Executing VM operation: ParallelGCFailedAllocation
Event: 988.940 Executing VM operation: ParallelGCFailedAllocation done
Event: 988.941 Executing VM operation: ParallelGCFailedAllocation
Event: 990.211 Executing VM operation: ParallelGCFailedAllocation done
Event: 990.212 Executing VM operation: ParallelGCFailedAllocation
Event: 991.536 Executing VM operation: ParallelGCFailedAllocation done
Event: 991.584 Executing VM operation: ParallelGCFailedAllocation
Event: 992.906 Executing VM operation: ParallelGCFailedAllocation done
Event: 992.906 Executing VM operation: ParallelGCFailedAllocation
Event: 994.315 Executing VM operation: ParallelGCFailedAllocation done
Event: 994.315 Executing VM operation: ParallelGCFailedAllocation
Event: 995.719 Executing VM operation: ParallelGCFailedAllocation done
Event: 995.719 Executing VM operation: ParallelGCFailedAllocation
Event: 996.937 Executing VM operation: ParallelGCFailedAllocation done
Event: 996.937 Executing VM operation: ParallelGCFailedAllocation
Event: 998.400 Executing VM operation: ParallelGCFailedAllocation done
Event: 998.400 Executing VM operation: ParallelGCFailedAllocation
Event: 1001.941 Executing VM operation: ParallelGCFailedAllocation done

Events (20 events):
Event: 187.144 Thread 0x00007f172c100a40 Thread exited: 0x00007f172c100a40
Event: 190.411 Thread 0x00007f172c101f00 Thread exited: 0x00007f172c101f00
Event: 190.417 Thread 0x00007f172c101f00 Thread added: 0x00007f172c101f00
Event: 190.418 Protecting memory [0x00007f176c700000,0x00007f176c704000] with protection modes 0
Event: 196.626 Thread 0x00007f172c103710 Thread added: 0x00007f172c103710
Event: 196.626 Protecting memory [0x00007f176d400000,0x00007f176d404000] with protection modes 0
Event: 204.193 Thread 0x00007f172c103710 Thread exited: 0x00007f172c103710
Event: 205.709 Thread 0x00007f172c103710 Thread added: 0x00007f172c103710
Event: 205.709 Protecting memory [0x00007f176d400000,0x00007f176d404000] with protection modes 0
Event: 208.542 Thread 0x00007f172c103710 Thread exited: 0x00007f172c103710
Event: 227.689 Thread 0x00007f172c103710 Thread added: 0x00007f172c103710
Event: 227.689 Protecting memory [0x00007f176d400000,0x00007f176d404000] with protection modes 0
Event: 366.415 Thread 0x00007f172c104340 Thread added: 0x00007f172c104340
Event: 366.415 Protecting memory [0x00007f176ce00000,0x00007f176ce04000] with protection modes 0
Event: 463.727 Thread 0x00007f1750001440 Thread added: 0x00007f1750001440
Event: 463.727 Protecting memory [0x00007f17a5400000,0x00007f17a5404000] with protection modes 0
Event: 642.014 Thread 0x00007f17480074f0 Thread exited: 0x00007f17480074f0
Event: 690.344 Thread 0x00007f172c104b80 Thread added: 0x00007f172c104b80
Event: 690.344 Protecting memory [0x00007f176d700000,0x00007f176d704000] with protection modes 0
Event: 869.198 Thread 0x00007f172c104340 Thread exited: 0x00007f172c104340


Dynamic libraries:
e0000000-f5580000 rw-p 00000000 00:00 0 
f5580000-fdb80000 rw-p 00000000 00:00 0 
fdb80000-100000000 ---p 00000000 00:00 0 
800000000-800449000 rw-p 00001000 00:1687 4611686019135357769            /nix/store/gpxl5qgg8kicmcvivwmybwjlpf7wh20l-graalvm17-ce-22.3.0/lib/server/classes.jsa
800449000-800bc8000 r--p 0044a000 00:1687 4611686019135357769            /nix/store/gpxl5qgg8kicmcvivwmybwjlpf7wh20l-graalvm17-ce-22.3.0/lib/server/classes.jsa
800bc8000-800c00000 ---p 00000000 00:00 0 
800c00000-800c20000 rw-p 00000000 00:00 0 
800c20000-800c40000 rw-p 00000000 00:00 0 
800c40000-800cc0000 rw-p 00000000 00:00 0 
800cc0000-800d00000 rw-p 00000000 00:00 0 
800d00000-800dc0000 rw-p 00000000 00:00 0 
800dc0000-800e00000 rw-p 00000000 00:00 0 
800e00000-800f40000 rw-p 00000000 00:00 0 
800f40000-800f80000 rw-p 00000000 00:00 0 
800f80000-800fc0000 rw-p 00000000 00:00 0 
800fc0000-801000000 rw-p 00000000 00:00 0 
801000000-8011e0000 rw-p 00000000 00:00 0 
8011e0000-8011f0000 rw-p 00000000 00:00 0 
8011f0000-801200000 ---p 00000000 00:00 0 
801200000-801240000 rw-p 00000000 00:00 0 
801240000-840c00000 ---p 00000000 00:00 0 
55f276366000-55f276367000 r-xp 00000000 00:1687 4611686019099417844      /nix/store/gpxl5qgg8kicmcvivwmybwjlpf7wh20l-graalvm17-ce-22.3.0/bin/.java-wrapped
55f276368000-55f276369000 r--p 00001000 00:1687 4611686019099417844      /nix/store/gpxl5qgg8kicmcvivwmybwjlpf7wh20l-graalvm17-ce-22.3.0/bin/.java-wrapped
55f276369000-55f27636a000 rw-p 00002000 00:1687 4611686019099417844      /nix/store/gpxl5qgg8kicmcvivwmybwjlpf7wh20l-graalvm17-ce-22.3.0/bin/.java-wrapped
55f27636a000-55f27636b000 rw-p 00004000 00:1687 4611686019099417844      /nix/store/gpxl5qgg8kicmcvivwmybwjlpf7wh20l-graalvm17-ce-22.3.0/bin/.java-wrapped
55f27636b000-55f27636c000 rw-p 00005000 00:1687 4611686019099417844      /nix/store/gpxl5qgg8kicmcvivwmybwjlpf7wh20l-graalvm17-ce-22.3.0/bin/.java-wrapped
55f27734f000-55f277397000 rw-p 00000000 00:00 0                          [heap]
7f1704000000-7f1704021000 rw-p 00000000 00:00 0 
7f1704021000-7f1708000000 ---p 00000000 00:00 0 
7f170c000000-7f170c086000 rw-p 00000000 00:00 0 
7f170c086000-7f1710000000 ---p 00000000 00:00 0 
7f17124b3000-7f171c000000 r--s 00000000 00:1687 4611686019135192581      /nix/store/gpxl5qgg8kicmcvivwmybwjlpf7wh20l-graalvm17-ce-22.3.0/lib/modules
7f171c000000-7f171c0c9000 rw-p 00000000 00:00 0 
7f171c0c9000-7f1720000000 ---p 00000000 00:00 0 
7f1720000000-7f1720061000 rw-p 00000000 00:00 0 
7f1720061000-7f1724000000 ---p 00000000 00:00 0 
7f1724000000-7f1724073000 rw-p 00000000 00:00 0 
7f1724073000-7f1728000000 ---p 00000000 00:00 0 
7f1729800000-7f1729980000 rw-p 00000000 00:00 0 
7f1729980000-7f17299f0000 rw-p 00000000 00:00 0 
7f17299f0000-7f1729a00000 ---p 00000000 00:00 0 
7f1729a00000-7f1729f70000 rw-p 00000000 00:00 0 
7f1729f70000-7f172a000000 ---p 00000000 00:00 0 
7f172a800000-7f172b000000 rw-p 00000000 00:00 0 
7f172b000000-7f172b500000 rw-p 00000000 00:00 0 
7f172b500000-7f172b600000 rw-p 00000000 00:00 0 
7f172b600000-7f172b800000 rw-p 00000000 00:00 0 
7f172b800000-7f172b8e0000 rw-p 00000000 00:00 0 
7f172b8e0000-7f172b900000 rw-p 00000000 00:00 0 
7f172b900000-7f172bac0000 rw-p 00000000 00:00 0 
7f172bac0000-7f172bb00000 rw-p 00000000 00:00 0 
7f172bb00000-7f172bd00000 rw-p 00000000 00:00 0 
7f172bd00000-7f172be00000 rw-p 00000000 00:00 0 
7f172be00000-7f172bf00000 rw-p 00000000 00:00 0 
7f172bf00000-7f172c000000 rw-p 00000000 00:00 0 
7f172c000000-7f172c1fb000 rw-p 00000000 00:00 0 
7f172c1fb000-7f1730000000 ---p 00000000 00:00 0 
7f1730000000-7f1730480000 rw-p 00000000 00:00 0 
7f1730480000-7f1734000000 ---p 00000000 00:00 0 
7f1734000000-7f1734021000 rw-p 00000000 00:00 0 
7f1734021000-7f1738000000 ---p 00000000 00:00 0 
7f1738000000-7f1738021000 rw-p 00000000 00:00 0 
7f1738021000-7f173c000000 ---p 00000000 00:00 0 
7f173c000000-7f173c0b5000 rw-p 00000000 00:00 0 
7f173c0b5000-7f1740000000 ---p 00000000 00:00 0 
7f1740000000-7f1740081000 rw-p 00000000 00:00 0 
7f1740081000-7f1744000000 ---p 00000000 00:00 0 
7f1744000000-7f1744021000 rw-p 00000000 00:00 0 
7f1744021000-7f1748000000 ---p 00000000 00:00 0 
7f1748000000-7f17483f1000 rw-p 00000000 00:00 0 
7f17483f1000-7f174c000000 ---p 00000000 00:00 0 
7f174c000000-7f174c021000 rw-p 00000000 00:00 0 
7f174c021000-7f1750000000 ---p 00000000 00:00 0 
7f1750000000-7f175012c000 rw-p 00000000 00:00 0 
7f175012c000-7f1754000000 ---p 00000000 00:00 0 
7f1754000000-7f17548e2000 rw-p 00000000 00:00 0 
7f17548e2000-7f1758000000 ---p 00000000 00:00 0 
7f1758000000-7f1758026000 rw-p 00000000 00:00 0 
7f1758026000-7f175c000000 ---p 00000000 00:00 0 
7f175c000000-7f175c021000 rw-p 00000000 00:00 0 
7f175c021000-7f1760000000 ---p 00000000 00:00 0 
7f1760000000-7f1760021000 rw-p 00000000 00:00 0 
7f1760021000-7f1764000000 ---p 00000000 00:00 0 
7f1764000000-7f1764051000 rw-p 00000000 00:00 0 
7f1764051000-7f1768000000 ---p 00000000 00:00 0 
7f1768400000-7f1768500000 rw-p 00000000 00:00 0 
7f1768500000-7f1768600000 rw-p 00000000 00:00 0 
7f1768600000-7f1768c00000 rw-p 00000000 00:00 0 
7f1768c00000-7f1768d00000 rw-p 00000000 00:00 0 
7f1768d00000-7f1768e00000 rw-p 00000000 00:00 0 
7f1768e00000-7f1769100000 rw-p 00000000 00:00 0 
7f1769100000-7f1769200000 rw-p 00000000 00:00 0 
7f1769200000-7f1769400000 rw-p 00000000 00:00 0 
7f176a200000-7f176a210000 r-xp 00000000 00:167b 363                      /home/runner/.cache/jdt-language-server/config/org.eclipse.equinox.launcher/org.eclipse.equinox.launcher.gtk.linux.x86_64_1.2.400.v20211117-0650/eclipse_11600.so
7f176a210000-7f176a40f000 ---p 00010000 00:167b 363                      /home/runner/.cache/jdt-language-server/config/org.eclipse.equinox.launcher/org.eclipse.equinox.launcher.gtk.linux.x86_64_1.2.400.v20211117-0650/eclipse_11600.so
7f176a40f000-7f176a410000 r--p 0000f000 00:167b 363                      /home/runner/.cache/jdt-language-server/config/org.eclipse.equinox.launcher/org.eclipse.equinox.launcher.gtk.linux.x86_64_1.2.400.v20211117-0650/eclipse_11600.so
7f176a410000-7f176a411000 rw-p 00010000 00:167b 363                      /home/runner/.cache/jdt-language-server/config/org.eclipse.equinox.launcher/org.eclipse.equinox.launcher.gtk.linux.x86_64_1.2.400.v20211117-0650/eclipse_11600.so
7f176b100000-7f176b200000 ---p 00000000 00:00 0 
7f176b200000-7f176b7af000 r--p 01122000 00:1687 4611686019135190040      /nix/store/gpxl5qgg8kicmcvivwmybwjlpf7wh20l-graalvm17-ce-22.3.0/lib/libjvmcicompiler.so
7f176b7af000-7f176b900000 r--p 00000000 00:00 0 
7f176b900000-7f176b93d000 rw-p 00000000 00:00 0 
7f176b93d000-7f176be5d000 rw-p 0185f000 00:1687 4611686019135190040      /nix/store/gpxl5qgg8kicmcvivwmybwjlpf7wh20l-graalvm17-ce-22.3.0/lib/libjvmcicompiler.so
7f176be5d000-7f176c244000 r--p 01d7f000 00:1687 4611686019135190040      /nix/store/gpxl5qgg8kicmcvivwmybwjlpf7wh20l-graalvm17-ce-22.3.0/lib/libjvmcicompiler.so
7f176c300000-7f176c304000 ---p 00000000 00:00 0 
7f176c304000-7f176c400000 rw-p 00000000 00:00 0 
7f176c500000-7f176c504000 ---p 00000000 00:00 0 
7f176c504000-7f176c600000 rw-p 00000000 00:00 0 
7f176c700000-7f176c704000 ---p 00000000 00:00 0 
7f176c704000-7f176c800000 rw-p 00000000 00:00 0 
7f176c900000-7f176c904000 ---p 00000000 00:00 0 
7f176c904000-7f176ca00000 rw-p 00000000 00:00 0 
7f176cb00000-7f176cb04000 ---p 00000000 00:00 0 
7f176cb04000-7f176cc00000 rw-p 00000000 00:00 0 
7f176cd00000-7f176cd04000 ---p 00000000 00:00 0 
7f176cd04000-7f176ce00000 rw-p 00000000 00:00 0 
7f176ce00000-7f176ce04000 ---p 00000000 00:00 0 
7f176ce04000-7f176cf00000 rw-p 00000000 00:00 0 
7f176cf00000-7f176cf04000 ---p 00000000 00:00 0 
7f176cf04000-7f176d000000 rw-p 00000000 00:00 0 
7f176d100000-7f176d104000 ---p 00000000 00:00 0 
7f176d104000-7f176d200000 rw-p 00000000 00:00 0 
7f176d300000-7f176d304000 ---p 00000000 00:00 0 
7f176d304000-7f176d400000 rw-p 00000000 00:00 0 
7f176d400000-7f176d404000 ---p 00000000 00:00 0 
7f176d404000-7f176d500000 rw-p 00000000 00:00 0 
7f176d500000-7f176d504000 ---p 00000000 00:00 0 
7f176d504000-7f176d600000 rw-p 00000000 00:00 0 
7f176d700000-7f176d704000 ---p 00000000 00:00 0 
7f176d704000-7f176d800000 rw-p 00000000 00:00 0 
7f176d900000-7f176d904000 ---p 00000000 00:00 0 
7f176d904000-7f176da00000 rw-p 00000000 00:00 0 
7f176db00000-7f176db04000 ---p 00000000 00:00 0 
7f176db04000-7f176dc00000 rw-p 00000000 00:00 0 
7f176dc00000-7f176fd6a000 r-xp 00000000 00:1687 4611686019135190040      /nix/store/gpxl5qgg8kicmcvivwmybwjlpf7wh20l-graalvm17-ce-22.3.0/lib/libjvmcicompiler.so
7f176fd6a000-7f176ff69000 ---p 0216a000 00:1687 4611686019135190040      /nix/store/gpxl5qgg8kicmcvivwmybwjlpf7wh20l-graalvm17-ce-22.3.0/lib/libjvmcicompiler.so
7f176ff69000-7f176ff6a000 r--p 02169000 00:1687 4611686019135190040      /nix/store/gpxl5qgg8kicmcvivwmybwjlpf7wh20l-graalvm17-ce-22.3.0/lib/libjvmcicompiler.so
7f176ff6a000-7f176ff6c000 rw-p 0216a000 00:1687 4611686019135190040      /nix/store/gpxl5qgg8kicmcvivwmybwjlpf7wh20l-graalvm17-ce-22.3.0/lib/libjvmcicompiler.so
7f176ff6c000-7f176ff6d000 rw-p 00000000 00:00 0 
7f176ff6d000-7f176ff72000 rw-p 023c3000 00:1687 4611686019135190040      /nix/store/gpxl5qgg8kicmcvivwmybwjlpf7wh20l-graalvm17-ce-22.3.0/lib/libjvmcicompiler.so
7f1770000000-7f1770021000 rw-p 00000000 00:00 0 
7f1770021000-7f1774000000 ---p 00000000 00:00 0 
7f1774000000-7f1774021000 rw-p 00000000 00:00 0 
7f1774021000-7f1778000000 ---p 00000000 00:00 0 
7f1778000000-7f1778021000 rw-p 00000000 00:00 0 
7f1778021000-7f177c000000 ---p 00000000 00:00 0 
7f177c000000-7f177c021000 rw-p 00000000 00:00 0 
7f177c021000-7f1780000000 ---p 00000000 00:00 0 
7f1780000000-7f17800d5000 rw-p 00000000 00:00 0 
7f17800d5000-7f1784000000 ---p 00000000 00:00 0 
7f1784000000-7f1784bf0000 rw-p 00000000 00:00 0 
7f1784bf0000-7f1788000000 ---p 00000000 00:00 0 
7f1788000000-7f1788021000 rw-p 00000000 00:00 0 
7f1788021000-7f178c000000 ---p 00000000 00:00 0 
7f178c000000-7f178c021000 rw-p 00000000 00:00 0 
7f178c021000-7f1790000000 ---p 00000000 00:00 0 
7f1790000000-7f1790021000 rw-p 00000000 00:00 0 
7f1790021000-7f1794000000 ---p 00000000 00:00 0 
7f1794000000-7f1794021000 rw-p 00000000 00:00 0 
7f1794021000-7f1798000000 ---p 00000000 00:00 0 
7f1798000000-7f1798021000 rw-p 00000000 00:00 0 
7f1798021000-7f179c000000 ---p 00000000 00:00 0 
7f179c000000-7f179c021000 rw-p 00000000 00:00 0 
7f179c021000-7f17a0000000 ---p 00000000 00:00 0 
7f17a0000000-7f17a0073000 rw-p 00000000 00:00 0 
7f17a0073000-7f17a4000000 ---p 00000000 00:00 0 
7f17a4000000-7f17a4004000 ---p 00000000 00:00 0 
7f17a4004000-7f17a4100000 rw-p 00000000 00:00 0 
7f17a4100000-7f17a4104000 ---p 00000000 00:00 0 
7f17a4104000-7f17a4200000 rw-p 00000000 00:00 0 
7f17a4200000-7f17a4204000 ---p 00000000 00:00 0 
7f17a4204000-7f17a4300000 rw-p 00000000 00:00 0 
7f17a4400000-7f17a4404000 ---p 00000000 00:00 0 
7f17a4404000-7f17a4500000 rw-p 00000000 00:00 0 
7f17a4fa9000-7f17a5300000 rw-p 00000000 00:00 0 
7f17a5400000-7f17a5404000 ---p 00000000 00:00 0 
7f17a5404000-7f17a5500000 rw-p 00000000 00:00 0 
7f17a5505000-7f17a5646000 rw-p 00000000 00:00 0 
7f17a5646000-7f17a5647000 ---p 00000000 00:00 0 
7f17a5647000-7f17a5748000 rw-p 00000000 00:00 0 
7f17a5748000-7f17a574c000 ---p 00000000 00:00 0 
7f17a574c000-7f17a5848000 rw-p 00000000 00:00 0 
7f17a5848000-7f17a584c000 ---p 00000000 00:00 0 
7f17a584c000-7f17a5948000 rw-p 00000000 00:00 0 
7f17a5948000-7f17a594c000 ---p 00000000 00:00 0 
7f17a594c000-7f17a5a48000 rw-p 00000000 00:00 0 
7f17a5a48000-7f17a5a4c000 ---p 00000000 00:00 0 
7f17a5a4c000-7f17a5c48000 rw-p 00000000 00:00 0 
7f17a5c48000-7f17a5c4c000 ---p 00000000 00:00 0 
7f17a5c4c000-7f17a5e48000 rw-p 00000000 00:00 0 
7f17a5e48000-7f17a5e4c000 ---p 00000000 00:00 0 
7f17a5e4c000-7f17a5f48000 rw-p 00000000 00:00 0 
7f17a5f48000-7f17a5f4c000 ---p 00000000 00:00 0 
7f17a5f4c000-7f17a6048000 rw-p 00000000 00:00 0 
7f17a6048000-7f17a604c000 ---p 00000000 00:00 0 
7f17a604c000-7f17a6148000 rw-p 00000000 00:00 0 
7f17a6148000-7f17a642e000 r--p 00000000 00:158e 28444448                 /usr/lib/locale/locale-archive
7f17a642e000-7f17a6432000 ---p 00000000 00:00 0 
7f17a6432000-7f17a652e000 rw-p 00000000 00:00 0 
7f17a652e000-7f17a6532000 ---p 00000000 00:00 0 
7f17a6532000-7f17a662e000 rw-p 00000000 00:00 0 
7f17a662e000-7f17a662f000 ---p 00000000 00:00 0 
7f17a662f000-7f17a6730000 rw-p 00000000 00:00 0 
7f17a6730000-7f17a67fe000 r-xp 00000000 00:1687 4611686019135190036      /nix/store/gpxl5qgg8kicmcvivwmybwjlpf7wh20l-graalvm17-ce-22.3.0/lib/libjsvml.so
7f17a67fe000-7f17a67ff000 r--p 000cd000 00:1687 4611686019135190036      /nix/store/gpxl5qgg8kicmcvivwmybwjlpf7wh20l-graalvm17-ce-22.3.0/lib/libjsvml.so
7f17a67ff000-7f17a6800000 rw-p 000ce000 00:1687 4611686019135190036      /nix/store/gpxl5qgg8kicmcvivwmybwjlpf7wh20l-graalvm17-ce-22.3.0/lib/libjsvml.so
7f17a6800000-7f17a6c00000 rw-p 00000000 00:00 0 
7f17a6c00000-7f17a6f00000 rw-p 00000000 00:00 0 
7f17a6f00000-7f17a7000000 rw-p 00000000 00:00 0 
7f17a7047000-7f17a7049000 r-xp 00000000 00:1687 4611686019135190017      /nix/store/gpxl5qgg8kicmcvivwmybwjlpf7wh20l-graalvm17-ce-22.3.0/lib/libextnet.so
7f17a7049000-7f17a704a000 r--p 00001000 00:1687 4611686019135190017      /nix/store/gpxl5qgg8kicmcvivwmybwjlpf7wh20l-graalvm17-ce-22.3.0/lib/libextnet.so
7f17a704a000-7f17a704b000 rw-p 00002000 00:1687 4611686019135190017      /nix/store/gpxl5qgg8kicmcvivwmybwjlpf7wh20l-graalvm17-ce-22.3.0/lib/libextnet.so
7f17a704b000-7f17a704c000 rw-p 00004000 00:1687 4611686019135190017      /nix/store/gpxl5qgg8kicmcvivwmybwjlpf7wh20l-graalvm17-ce-22.3.0/lib/libextnet.so
7f17a704c000-7f17a7050000 ---p 00000000 00:00 0 
7f17a7050000-7f17a706e000 rw-p 00000000 00:00 0 
7f17a706e000-7f17a7075000 r-xp 00000000 00:1687 4611686019135192580      /nix/store/gpxl5qgg8kicmcvivwmybwjlpf7wh20l-graalvm17-ce-22.3.0/lib/libzip.so
7f17a7075000-7f17a7076000 ---p 00007000 00:1687 4611686019135192580      /nix/store/gpxl5qgg8kicmcvivwmybwjlpf7wh20l-graalvm17-ce-22.3.0/lib/libzip.so
7f17a7076000-7f17a7077000 r--p 00007000 00:1687 4611686019135192580      /nix/store/gpxl5qgg8kicmcvivwmybwjlpf7wh20l-graalvm17-ce-22.3.0/lib/libzip.so
7f17a7077000-7f17a7078000 rw-p 00008000 00:1687 4611686019135192580      /nix/store/gpxl5qgg8kicmcvivwmybwjlpf7wh20l-graalvm17-ce-22.3.0/lib/libzip.so
7f17a7078000-7f17a707a000 rw-p 0000b000 00:1687 4611686019135192580      /nix/store/gpxl5qgg8kicmcvivwmybwjlpf7wh20l-graalvm17-ce-22.3.0/lib/libzip.so
7f17a707a000-7f17a708f000 r-xp 00000000 00:1687 4611686019135192570      /nix/store/gpxl5qgg8kicmcvivwmybwjlpf7wh20l-graalvm17-ce-22.3.0/lib/libnet.so
7f17a708f000-7f17a7090000 ---p 00015000 00:1687 4611686019135192570      /nix/store/gpxl5qgg8kicmcvivwmybwjlpf7wh20l-graalvm17-ce-22.3.0/lib/libnet.so
7f17a7090000-7f17a7091000 r--p 00015000 00:1687 4611686019135192570      /nix/store/gpxl5qgg8kicmcvivwmybwjlpf7wh20l-graalvm17-ce-22.3.0/lib/libnet.so
7f17a7091000-7f17a7092000 rw-p 00016000 00:1687 4611686019135192570      /nix/store/gpxl5qgg8kicmcvivwmybwjlpf7wh20l-graalvm17-ce-22.3.0/lib/libnet.so
7f17a7092000-7f17a7095000 rw-p 0001b000 00:1687 4611686019135192570      /nix/store/gpxl5qgg8kicmcvivwmybwjlpf7wh20l-graalvm17-ce-22.3.0/lib/libnet.so
7f17a7095000-7f17a70a8000 r-xp 00000000 00:1687 4611686019135192571      /nix/store/gpxl5qgg8kicmcvivwmybwjlpf7wh20l-graalvm17-ce-22.3.0/lib/libnio.so
7f17a70a8000-7f17a70a9000 r--p 00012000 00:1687 4611686019135192571      /nix/store/gpxl5qgg8kicmcvivwmybwjlpf7wh20l-graalvm17-ce-22.3.0/lib/libnio.so
7f17a70a9000-7f17a70aa000 rw-p 00013000 00:1687 4611686019135192571      /nix/store/gpxl5qgg8kicmcvivwmybwjlpf7wh20l-graalvm17-ce-22.3.0/lib/libnio.so
7f17a70aa000-7f17a70af000 rw-p 00019000 00:1687 4611686019135192571      /nix/store/gpxl5qgg8kicmcvivwmybwjlpf7wh20l-graalvm17-ce-22.3.0/lib/libnio.so
7f17a70af000-7f17a74b3000 rw-p 00000000 00:00 0 
7f17a74b3000-7f17a7723000 rwxp 00000000 00:00 0 
7f17a7723000-7f17a7a42000 ---p 00000000 00:00 0 
7f17a7a42000-7f17a8c42000 rwxp 00000000 00:00 0 
7f17a8c42000-7f17aef7a000 ---p 00000000 00:00 0 
7f17aef7a000-7f17af23a000 rwxp 00000000 00:00 0 
7f17af23a000-7f17b64b3000 ---p 00000000 00:00 0 
7f17b64b3000-7f17c0000000 r--s 00000000 00:1687 4611686019135192581      /nix/store/gpxl5qgg8kicmcvivwmybwjlpf7wh20l-graalvm17-ce-22.3.0/lib/modules
7f17c0000000-7f17c0641000 rw-p 00000000 00:00 0 
7f17c0641000-7f17c4000000 ---p 00000000 00:00 0 
7f17c4000000-7f17c54d4000 rw-p 00000000 00:00 0 
7f17c54d4000-7f17c54d5000 ---p 00000000 00:00 0 
7f17c54d5000-7f17c5680000 rw-p 00000000 00:00 0 
7f17c5680000-7f17c56c4000 rw-p 00000000 00:00 0 
7f17c56c4000-7f17c56d6000 ---p 00000000 00:00 0 
7f17c56d6000-7f17c56dd000 rw-p 00000000 00:00 0 
7f17c56dd000-7f17c57c2000 ---p 00000000 00:00 0 
7f17c57c2000-7f17c57e6000 rw-p 00000000 00:00 0 
7f17c57e6000-7f17c58ad000 ---p 00000000 00:00 0 
7f17c58ad000-7f17c58b2000 rw-p 00000000 00:00 0 
7f17c58b2000-7f17c58b9000 ---p 00000000 00:00 0 
7f17c58b9000-7f17c58dd000 r-xp 00000000 00:1687 4611686019135190028      /nix/store/gpxl5qgg8kicmcvivwmybwjlpf7wh20l-graalvm17-ce-22.3.0/lib/libjava.so
7f17c58dd000-7f17c58de000 ---p 00024000 00:1687 4611686019135190028      /nix/store/gpxl5qgg8kicmcvivwmybwjlpf7wh20l-graalvm17-ce-22.3.0/lib/libjava.so
7f17c58de000-7f17c58df000 r--p 00024000 00:1687 4611686019135190028      /nix/store/gpxl5qgg8kicmcvivwmybwjlpf7wh20l-graalvm17-ce-22.3.0/lib/libjava.so
7f17c58df000-7f17c58e0000 rw-p 00025000 00:1687 4611686019135190028      /nix/store/gpxl5qgg8kicmcvivwmybwjlpf7wh20l-graalvm17-ce-22.3.0/lib/libjava.so
7f17c58e0000-7f17c58e1000 rw-p 00000000 00:00 0 
7f17c58e1000-7f17c58e8000 rw-p 0002f000 00:1687 4611686019135190028      /nix/store/gpxl5qgg8kicmcvivwmybwjlpf7wh20l-graalvm17-ce-22.3.0/lib/libjava.so
7f17c58e8000-7f17c58f0000 rw-s 00000000 00:315 354                       /tmp/hsperfdata_runner/64
7f17c58f0000-7f17c58f1000 ---p 00000000 00:00 0 
7f17c58f1000-7f17c58f2000 r--p 00000000 00:00 0 
7f17c58f2000-7f17c58f3000 rwxp 00000000 00:00 0 
7f17c58f3000-7f17c590e000 r-xp 00000000 00:1687 4611686019135190032      /nix/store/gpxl5qgg8kicmcvivwmybwjlpf7wh20l-graalvm17-ce-22.3.0/lib/libjimage.so
7f17c590e000-7f17c590f000 ---p 0001b000 00:1687 4611686019135190032      /nix/store/gpxl5qgg8kicmcvivwmybwjlpf7wh20l-graalvm17-ce-22.3.0/lib/libjimage.so
7f17c590f000-7f17c5911000 r--p 0001b000 00:1687 4611686019135190032      /nix/store/gpxl5qgg8kicmcvivwmybwjlpf7wh20l-graalvm17-ce-22.3.0/lib/libjimage.so
7f17c5911000-7f17c5912000 rw-p 0001d000 00:1687 4611686019135190032      /nix/store/gpxl5qgg8kicmcvivwmybwjlpf7wh20l-graalvm17-ce-22.3.0/lib/libjimage.so
7f17c5912000-7f17c5913000 rw-p 00024000 00:1687 4611686019135190032      /nix/store/gpxl5qgg8kicmcvivwmybwjlpf7wh20l-graalvm17-ce-22.3.0/lib/libjimage.so
7f17c5913000-7f17c5917000 ---p 00000000 00:00 0 
7f17c5917000-7f17c5a13000 rw-p 00000000 00:00 0 
7f17c5a13000-7f17c5a21000 r--p 00000000 00:1687 4611686019027979927      /nix/store/4nlgxhb09sdr51nc9hdm8az5b08vzkgx-glibc-2.35-163/lib/libm.so.6
7f17c5a21000-7f17c5a94000 r-xp 0000e000 00:1687 4611686019027979927      /nix/store/4nlgxhb09sdr51nc9hdm8az5b08vzkgx-glibc-2.35-163/lib/libm.so.6
7f17c5a94000-7f17c5af1000 r--p 00081000 00:1687 4611686019027979927      /nix/store/4nlgxhb09sdr51nc9hdm8az5b08vzkgx-glibc-2.35-163/lib/libm.so.6
7f17c5af1000-7f17c5af2000 r--p 000dd000 00:1687 4611686019027979927      /nix/store/4nlgxhb09sdr51nc9hdm8az5b08vzkgx-glibc-2.35-163/lib/libm.so.6
7f17c5af2000-7f17c5af3000 rw-p 000de000 00:1687 4611686019027979927      /nix/store/4nlgxhb09sdr51nc9hdm8az5b08vzkgx-glibc-2.35-163/lib/libm.so.6
7f17c5af3000-7f17c5af4000 r--p 00000000 00:1687 4611686019027979946      /nix/store/4nlgxhb09sdr51nc9hdm8az5b08vzkgx-glibc-2.35-163/lib/librt.so.1
7f17c5af4000-7f17c5af5000 r-xp 00001000 00:1687 4611686019027979946      /nix/store/4nlgxhb09sdr51nc9hdm8az5b08vzkgx-glibc-2.35-163/lib/librt.so.1
7f17c5af5000-7f17c5af6000 r--p 00002000 00:1687 4611686019027979946      /nix/store/4nlgxhb09sdr51nc9hdm8az5b08vzkgx-glibc-2.35-163/lib/librt.so.1
7f17c5af6000-7f17c5af7000 r--p 00002000 00:1687 4611686019027979946      /nix/store/4nlgxhb09sdr51nc9hdm8az5b08vzkgx-glibc-2.35-163/lib/librt.so.1
7f17c5af7000-7f17c5af8000 rw-p 00003000 00:1687 4611686019027979946      /nix/store/4nlgxhb09sdr51nc9hdm8az5b08vzkgx-glibc-2.35-163/lib/librt.so.1
7f17c5af8000-7f17c6c0b000 r-xp 00000000 00:1687 4611686019135360866      /nix/store/gpxl5qgg8kicmcvivwmybwjlpf7wh20l-graalvm17-ce-22.3.0/lib/server/libjvm.so
7f17c6c0b000-7f17c6c0c000 ---p 01113000 00:1687 4611686019135360866      /nix/store/gpxl5qgg8kicmcvivwmybwjlpf7wh20l-graalvm17-ce-22.3.0/lib/server/libjvm.so
7f17c6c0c000-7f17c6cc1000 r--p 01113000 00:1687 4611686019135360866      /nix/store/gpxl5qgg8kicmcvivwmybwjlpf7wh20l-graalvm17-ce-22.3.0/lib/server/libjvm.so
7f17c6cc1000-7f17c6cf5000 rw-p 011c8000 00:1687 4611686019135360866      /nix/store/gpxl5qgg8kicmcvivwmybwjlpf7wh20l-graalvm17-ce-22.3.0/lib/server/libjvm.so
7f17c6cf5000-7f17c6d51000 rw-p 00000000 00:00 0 
7f17c6d51000-7f17c6d79000 r--p 00000000 00:1687 4611686019027979918      /nix/store/4nlgxhb09sdr51nc9hdm8az5b08vzkgx-glibc-2.35-163/lib/libc.so.6
7f17c6d79000-7f17c6eef000 r-xp 00028000 00:1687 4611686019027979918      /nix/store/4nlgxhb09sdr51nc9hdm8az5b08vzkgx-glibc-2.35-163/lib/libc.so.6
7f17c6eef000-7f17c6f47000 r--p 0019e000 00:1687 4611686019027979918      /nix/store/4nlgxhb09sdr51nc9hdm8az5b08vzkgx-glibc-2.35-163/lib/libc.so.6
7f17c6f47000-7f17c6f4b000 r--p 001f6000 00:1687 4611686019027979918      /nix/store/4nlgxhb09sdr51nc9hdm8az5b08vzkgx-glibc-2.35-163/lib/libc.so.6
7f17c6f4b000-7f17c6f4d000 rw-p 001fa000 00:1687 4611686019027979918      /nix/store/4nlgxhb09sdr51nc9hdm8az5b08vzkgx-glibc-2.35-163/lib/libc.so.6
7f17c6f4d000-7f17c6f5c000 rw-p 00000000 00:00 0 
7f17c6f5c000-7f17c6f5d000 r--p 00000000 00:1687 4611686019027979923      /nix/store/4nlgxhb09sdr51nc9hdm8az5b08vzkgx-glibc-2.35-163/lib/libdl.so.2
7f17c6f5d000-7f17c6f5e000 r-xp 00001000 00:1687 4611686019027979923      /nix/store/4nlgxhb09sdr51nc9hdm8az5b08vzkgx-glibc-2.35-163/lib/libdl.so.2
7f17c6f5e000-7f17c6f5f000 r--p 00002000 00:1687 4611686019027979923      /nix/store/4nlgxhb09sdr51nc9hdm8az5b08vzkgx-glibc-2.35-163/lib/libdl.so.2
7f17c6f5f000-7f17c6f60000 r--p 00002000 00:1687 4611686019027979923      /nix/store/4nlgxhb09sdr51nc9hdm8az5b08vzkgx-glibc-2.35-163/lib/libdl.so.2
7f17c6f60000-7f17c6f61000 rw-p 00003000 00:1687 4611686019027979923      /nix/store/4nlgxhb09sdr51nc9hdm8az5b08vzkgx-glibc-2.35-163/lib/libdl.so.2
7f17c6f61000-7f17c6f62000 r--p 00000000 00:1687 4611686019027979942      /nix/store/4nlgxhb09sdr51nc9hdm8az5b08vzkgx-glibc-2.35-163/lib/libpthread.so.0
7f17c6f62000-7f17c6f63000 r-xp 00001000 00:1687 4611686019027979942      /nix/store/4nlgxhb09sdr51nc9hdm8az5b08vzkgx-glibc-2.35-163/lib/libpthread.so.0
7f17c6f63000-7f17c6f64000 r--p 00002000 00:1687 4611686019027979942      /nix/store/4nlgxhb09sdr51nc9hdm8az5b08vzkgx-glibc-2.35-163/lib/libpthread.so.0
7f17c6f64000-7f17c6f65000 r--p 00002000 00:1687 4611686019027979942      /nix/store/4nlgxhb09sdr51nc9hdm8az5b08vzkgx-glibc-2.35-163/lib/libpthread.so.0
7f17c6f65000-7f17c6f66000 rw-p 00003000 00:1687 4611686019027979942      /nix/store/4nlgxhb09sdr51nc9hdm8az5b08vzkgx-glibc-2.35-163/lib/libpthread.so.0
7f17c6f66000-7f17c6f74000 r-xp 00000000 00:1687 4611686019135190033      /nix/store/gpxl5qgg8kicmcvivwmybwjlpf7wh20l-graalvm17-ce-22.3.0/lib/libjli.so
7f17c6f74000-7f17c6f75000 ---p 0000e000 00:1687 4611686019135190033      /nix/store/gpxl5qgg8kicmcvivwmybwjlpf7wh20l-graalvm17-ce-22.3.0/lib/libjli.so
7f17c6f75000-7f17c6f76000 r--p 0000e000 00:1687 4611686019135190033      /nix/store/gpxl5qgg8kicmcvivwmybwjlpf7wh20l-graalvm17-ce-22.3.0/lib/libjli.so
7f17c6f76000-7f17c6f77000 rw-p 0000f000 00:1687 4611686019135190033      /nix/store/gpxl5qgg8kicmcvivwmybwjlpf7wh20l-graalvm17-ce-22.3.0/lib/libjli.so
7f17c6f77000-7f17c6f78000 rw-p 00012000 00:1687 4611686019135190033      /nix/store/gpxl5qgg8kicmcvivwmybwjlpf7wh20l-graalvm17-ce-22.3.0/lib/libjli.so
7f17c6f78000-7f17c6f7b000 r--p 00000000 00:1687 4611686019106210071      /nix/store/026hln0aq1hyshaxsdvhg0kmcm6yf45r-zlib-1.2.13/lib/libz.so.1.2.13
7f17c6f7b000-7f17c6f8d000 r-xp 00003000 00:1687 4611686019106210071      /nix/store/026hln0aq1hyshaxsdvhg0kmcm6yf45r-zlib-1.2.13/lib/libz.so.1.2.13
7f17c6f8d000-7f17c6f94000 r--p 00015000 00:1687 4611686019106210071      /nix/store/026hln0aq1hyshaxsdvhg0kmcm6yf45r-zlib-1.2.13/lib/libz.so.1.2.13
7f17c6f94000-7f17c6f95000 r--p 0001b000 00:1687 4611686019106210071      /nix/store/026hln0aq1hyshaxsdvhg0kmcm6yf45r-zlib-1.2.13/lib/libz.so.1.2.13
7f17c6f95000-7f17c6f96000 rw-p 0001c000 00:1687 4611686019106210071      /nix/store/026hln0aq1hyshaxsdvhg0kmcm6yf45r-zlib-1.2.13/lib/libz.so.1.2.13
7f17c6f96000-7f17c6f98000 rw-p 00000000 00:00 0 
7f17c6f98000-7f17c6f9a000 r--p 00000000 00:1687 4611686019027979912      /nix/store/4nlgxhb09sdr51nc9hdm8az5b08vzkgx-glibc-2.35-163/lib/ld-linux-x86-64.so.2
7f17c6f9a000-7f17c6fc1000 r-xp 00002000 00:1687 4611686019027979912      /nix/store/4nlgxhb09sdr51nc9hdm8az5b08vzkgx-glibc-2.35-163/lib/ld-linux-x86-64.so.2
7f17c6fc1000-7f17c6fcd000 r--p 00029000 00:1687 4611686019027979912      /nix/store/4nlgxhb09sdr51nc9hdm8az5b08vzkgx-glibc-2.35-163/lib/ld-linux-x86-64.so.2
7f17c6fcd000-7f17c6fcf000 r--p 00034000 00:1687 4611686019027979912      /nix/store/4nlgxhb09sdr51nc9hdm8az5b08vzkgx-glibc-2.35-163/lib/ld-linux-x86-64.so.2
7f17c6fcf000-7f17c6fd1000 rw-p 00036000 00:1687 4611686019027979912      /nix/store/4nlgxhb09sdr51nc9hdm8az5b08vzkgx-glibc-2.35-163/lib/ld-linux-x86-64.so.2
7fff50454000-7fff50478000 rw-p 00000000 00:00 0                          [stack]
7fff505fa000-7fff505fe000 r--p 00000000 00:00 0                          [vvar]
7fff505fe000-7fff50600000 r-xp 00000000 00:00 0                          [vdso]
ffffffffff600000-ffffffffff601000 --xp 00000000 00:00 0                  [vsyscall]


VM Arguments:
jvm_args: -XX:ThreadPriorityPolicy=1 -XX:+UnlockExperimentalVMOptions -XX:+EnableJVMCIProduct -XX:JVMCIThreadsPerNativeLibraryRuntime=1 -XX:-UnlockExperimentalVMOptions -Declipse.application=org.eclipse.jdt.ls.core.id1 -Dosgi.bundles.defaultStartLevel=4 -Declipse.product=org.eclipse.jdt.ls.core.product -Dlog.level=ALL -Xverify:none -XX:+UseParallelGC -XX:GCTimeRatio=4 -XX:AdaptiveSizePolicyWeight=90 -Dsun.zip.disableMemoryMapping=true -Xmx512m -Xms100m 
java_command: /nix/store/m6gcpi1ii6rghy04cjwjddcavv7i90df-jdt-language-server-1.9.0/share/java/plugins/org.eclipse.equinox.launcher_1.6.400.v20210924-0641.jar --add-modules=ALL-SYSTEM --add-opens java.base/java.util=ALL-UNNAMED --add-opens java.base/java.lang=ALL-UNNAMED -configuration /home/runner/.cache/jdt-language-server/config -data /home/runner/.cache/jdt-language-server/data/home/runner/HJConnect4Game
java_class_path (initial): /nix/store/m6gcpi1ii6rghy04cjwjddcavv7i90df-jdt-language-server-1.9.0/share/java/plugins/org.eclipse.equinox.launcher_1.6.400.v20210924-0641.jar
Launcher Type: SUN_STANDARD

[Global flags]
    uintx AdaptiveSizePolicyWeight                 = 90                                        {product} {command line}
     intx CICompilerCount                          = 2                                         {product} {ergonomic}
     bool EnableJVMCIProduct                       = true                                {JVMCI product} {jimage}
    uintx GCTimeRatio                              = 4                                         {product} {command line}
   size_t InitialHeapSize                          = 104857600                                 {product} {command line}
     uint JVMCIThreadsPerNativeLibraryRuntime      = 1                                   {JVMCI product} {jimage}
   size_t MaxHeapSize                              = 536870912                                 {product} {command line}
   size_t MaxNewSize                               = 178782208                                 {product} {ergonomic}
   size_t MinHeapDeltaBytes                        = 524288                                    {product} {ergonomic}
   size_t MinHeapSize                              = 104857600                                 {product} {command line}
   size_t NewSize                                  = 34603008                                  {product} {ergonomic}
    uintx NonNMethodCodeHeapSize                   = 5826188                                {pd product} {ergonomic}
    uintx NonProfiledCodeHeapSize                  = 122916026                              {pd product} {ergonomic}
   size_t OldSize                                  = 70254592                                  {product} {ergonomic}
    uintx ProfiledCodeHeapSize                     = 122916026                              {pd product} {ergonomic}
    uintx ReservedCodeCacheSize                    = 251658240                              {pd product} {ergonomic}
     bool SegmentedCodeCache                       = true                                      {product} {ergonomic}
   size_t SoftMaxHeapSize                          = 536870912                              {manageable} {ergonomic}
     intx ThreadPriorityPolicy                     = 1                                         {product} {jimage}
     bool UseCompressedClassPointers               = true                           {product lp64_product} {ergonomic}
     bool UseCompressedOops                        = true                           {product lp64_product} {ergonomic}
     bool UseParallelGC                            = true                                      {product} {command line}

Logging:
Log output configuration:
 #0: stdout all=warning uptime,level,tags
 #1: stderr all=off uptime,level,tags

Environment Variables:
JAVA_HOME=/nix/store/gpxl5qgg8kicmcvivwmybwjlpf7wh20l-graalvm17-ce-22.3.0
PATH=/nix/store/1d6ian3r8kdzspw8hacjhl3xkp40g1lj-binutils-wrapper-2.39/bin:/nix/store/dq0xwmsk1g0i2ayg6pb7y87na2knzylh-gcc-wrapper-11.3.0/bin:/nix/store/bap4d0lpcrhpwmpb8ayjcgkmvfj62lnq-bash-interactive-5.1-p16/bin:/nix/store/pr5n59mb4jzmfx6kanwxly0l07p861fg-patchelf-0.15.0/bin:/nix/store/1gf2flfqnpqbr1b4p4qz2f72y42bs56r-gcc-11.3.0/bin:/nix/store/57xv61c5zi8pphjbcwxxjlgc34p61ic9-glibc-2.35-163-bin/bin:/nix/store/a7gvj343m05j2s32xcnwr35v31ynlypr-coreutils-9.1/bin:/nix/store/039g378vc3pc3dvi9dzdlrd0i4q93qwf-binutils-2.39/bin:/nix/store/gpxl5qgg8kicmcvivwmybwjlpf7wh20l-graalvm17-ce-22.3.0/bin:/nix/store/6z9ag3ihc8mq2hzsw48lhbznvzny65nz-apache-maven-3.8.6/bin:/nix/store/m6gcpi1ii6rghy04cjwjddcavv7i90df-jdt-language-server-1.9.0/bin:/nix/store/84xs5alhs01zrbr4ywm05kxbjbp5590l-java-debug/bin:/nix/store/mydc6f4k2z73xlcz7ilif3v2lcaiqvza-findutils-4.9.0/bin:/nix/store/j9p3g8472iijd50vhdprx0nmk2fqn5gv-diffutils-3.8/bin:/nix/store/89zs7rms6x00xfq4dq6m7mjnhkr8a6r4-gnused-4.8/bin:/nix/store/86bp03jkmsl6f92w0yzg4s59g5mhxwmy-gnugrep-3.7/bin:/nix/store/hwcdqw4jrjnd37wxqgsd47hd0j8bnj09-gawk-5.1.1/bin:/nix/store/cfbhw8r8ags41vwqaz47r583d0p4h4a1-gnutar-1.34/bin:/nix/store/p3m1ndl1lapwrlh698bnb5lvvxh67378-gzip-1.12/bin:/nix/store/a8mhcagrsly7c7mpjrpsnaahk4aax056-bzip2-1.0.8-bin/bin:/nix/store/mblgz65m3zv9x548a3d5m96fj2pbwr09-gnumake-4.3/bin:/nix/store/dsd5gz46hdbdk2rfdimqddhq6m8m8fqs-bash-5.1-p16/bin:/nix/store/v7ljksji50mg3w61dykaa3n3y79n6nil-patch-2.7.6/bin:/nix/store/zlcnmqq14jz5x9439jf937mvayyl63da-xz-5.2.7-bin/bin:/nix/store/y6aj732zm9m87c82fpvf103a1xb22blp-file-5.43/bin:/nix/store/i4kzir3m7mrisxmf5xvlnkw01x4qaqr4-prybar-elisp-0.0.0-e0d9a52/bin:/nix/store/lwwivxf6h7x3cvxp9zv8sj0mv7dak99r-prybar-lua-0.0.0-e0d9a52/bin:/nix/store/gxj28g1cg4hq3qanmjv07156h800qr58-prybar-python3-0.0.0-e0d9a52/bin:/nix/store/hshkjnxrgidigf8x75vg6lqng2xlx9i3-prybar-sqlite-0.0.0-e0d9a52/bin:/nix/store/c4w01bpjgyy5ixmwdk8m1pw87zq4sl26-prybar-tcl-0.0.0-e0d9a52/bin:/nix/store/hpbvrlwd5viqmvcaisb3x0118i913a9n-st
LD_LIBRARY_PATH=/nix/store/a4pff549sk2idnkpzk5nsfps3mdkdnvm-cups-2.4.2-lib/lib:/nix/store/72mqxxhh3cy5yifh92wh2yb8cl2hikyy-cairo-1.16.0/lib:/nix/store/2k366jrbsra97gjfxwvrhvixjfxdach5-glib-2.74.1/lib:/nix/store/2j2znigd8ak37rlwh9khz0ry3clqlw1l-gtk+3-3.24.34/lib:/nix/store/hisqvx32cd57apbpcsnkpx6k3549wql1-libglvnd-1.4.0/lib:/nix/store/p36pgcv991mq5srvg765b78yqpxvk3qs-mesa-21.3.3-drivers/lib:/nix/store/mav4251if1ahjq5vkpwycyyvnmy459c4-pulseaudio-14.2/lib
DISPLAY=:0
LANG=en_US.UTF-8

Signal Handlers:
   SIGSEGV: crash_handler in libjvm.so, mask=11100100010111111101111111111110, flags=SA_RESTART|SA_SIGINFO
    SIGBUS: crash_handler in libjvm.so, mask=11100100010111111101111111111110, flags=SA_RESTART|SA_SIGINFO
    SIGFPE: crash_handler in libjvm.so, mask=11100100010111111101111111111110, flags=SA_RESTART|SA_SIGINFO
   SIGPIPE: IsolateEnterStub_IgnoreSIGPIPEStartupHook_noopSignalHandler_8f19bff2f35b5f630d83b364d6b2339320d4ec70_216e8361c6bc87a8f89f58cc10d3b2fd4415bf87 in libjvmcicompiler.so, mask=00000000000000000000000000000000, flags=SA_RESTART
  *** Handler was modified!
  *** Expected: javaSignalHandler in libjvm.so, mask=11100100110111111111111111111110, flags=SA_RESTART|SA_SIGINFO
   SIGXFSZ: javaSignalHandler in libjvm.so, mask=11100100010111111101111111111110, flags=SA_RESTART|SA_SIGINFO
    SIGILL: crash_handler in libjvm.so, mask=11100100010111111101111111111110, flags=SA_RESTART|SA_SIGINFO
   SIGUSR2: SR_handler in libjvm.so, mask=00000000000000000000000000000000, flags=SA_RESTART|SA_SIGINFO
    SIGHUP: UserHandler in libjvm.so, mask=11100100010111111101111111111110, flags=SA_RESTART|SA_SIGINFO
    SIGINT: UserHandler in libjvm.so, mask=11100100010111111101111111111110, flags=SA_RESTART|SA_SIGINFO
   SIGTERM: UserHandler in libjvm.so, mask=11100100010111111101111111111110, flags=SA_RESTART|SA_SIGINFO
   SIGQUIT: UserHandler in libjvm.so, mask=11100100010111111101111111111110, flags=SA_RESTART|SA_SIGINFO
  *** Handler was modified!
  *** Expected: javaSignalHandler in libjvm.so, mask=11100100110111111111111111111110, flags=SA_RESTART|SA_SIGINFO
   SIGTRAP: crash_handler in libjvm.so, mask=11100100010111111101111111111110, flags=SA_RESTART|SA_SIGINFO


---------------  S Y S T E M  ---------------

OS:
DISTRIB_ID=Ubuntu
DISTRIB_RELEASE=20.04
DISTRIB_CODENAME=focal
DISTRIB_DESCRIPTION="Ubuntu 20.04.2 LTS"
uname: Linux 5.19.0-1025-gcp #27~22.04.1-Ubuntu SMP Wed May 24 03:53:01 UTC 2023 x86_64
OS uptime: 0 days 4:59 hours
libc: glibc 2.35 NPTL 2.35 
rlimit (soft/hard): STACK 8192k/infinity , CORE infinity/infinity , NPROC infinity/infinity , NOFILE 5242/5242 , AS infinity/infinity , CPU infinity/infinity , DATA infinity/infinity , FSIZE infinity/infinity , MEMLOCK 8192k/8192k
load average: 13.41 15.00 14.89

/proc/meminfo:
MemTotal:       65852244 kB
MemFree:         7661876 kB
MemAvailable:   37184676 kB
Buffers:         3815192 kB
Cached:         24097176 kB
SwapCached:            0 kB
Active:         11805884 kB
Inactive:       41894976 kB
Active(anon):      19912 kB
Inactive(anon): 25384476 kB
Active(file):   11785972 kB
Inactive(file): 16510500 kB
Unevictable:       56924 kB
Mlocked:           56924 kB
SwapTotal:             0 kB
SwapFree:              0 kB
Zswap:                 0 kB
Zswapped:              0 kB
Dirty:             23220 kB
Writeback:             0 kB
AnonPages:      24766172 kB
Mapped:          2531212 kB
Shmem:             39864 kB
KReclaimable:    1952928 kB
Slab:            3184096 kB
SReclaimable:    1952928 kB
SUnreclaim:      1231168 kB
KernelStack:      514796 kB
PageTables:       278092 kB
NFS_Unstable:          0 kB
Bounce:                0 kB
WritebackTmp:          0 kB
CommitLimit:    32926120 kB
Committed_AS:   94251732 kB
VmallocTotal:   34359738367 kB
VmallocUsed:      558852 kB
VmallocChunk:          0 kB
Percpu:            62656 kB
HardwareCorrupted:     0 kB
AnonHugePages:   3842048 kB
ShmemHugePages:        0 kB
ShmemPmdMapped:        0 kB
FileHugePages:         0 kB
FilePmdMapped:         0 kB
HugePages_Total:       0
HugePages_Free:        0
HugePages_Rsvd:        0
HugePages_Surp:        0
Hugepagesize:       2048 kB
Hugetlb:               0 kB
DirectMap4k:     6941496 kB
DirectMap2M:    58066944 kB
DirectMap1G:     4194304 kB

/sys/kernel/mm/transparent_hugepage/enabled: always [madvise] never
/sys/kernel/mm/transparent_hugepage/defrag (defrag/compaction efforts parameter): always defer defer+madvise [madvise] never

Process Memory:
Virtual Size: 4590204K (peak: 4683580K)
Resident Set Size: 838148K (peak: 874356K) (anon: 644352K, file: 193796K, shmem: 0K)
Swapped out: 0K
C-Heap outstanding allocations: 44314K, retained: 15361K
glibc malloc tunables: (default)

/proc/sys/kernel/threads-max (system-wide limit on the number of threads): 514406
/proc/sys/vm/max_map_count (maximum number of memory map areas a process may have): 65530
/proc/sys/kernel/pid_max (system-wide limit on number of process identifiers): 4194304

container (cgroup) information:
container_type: cgroupv1
cpu_cpuset_cpus: 2-7
cpu_memory_nodes: 0
active_processor_count: 1
cpu_quota: 50000
cpu_period: 100000
cpu_shares: 512
memory_limit_in_bytes: 1048576 k
memory_and_swap_limit_in_bytes: 1048576 k
memory_soft_limit_in_bytes: 524288 k
memory_usage_in_bytes: 817960 k
memory_max_usage_in_bytes: 924324 k
maximum number of tasks: 1000
current number of tasks: 76

KVM virtualization detected
Steal ticks since vm start: 0
Steal ticks percentage since vm start:  0.000

CPU: total 8 (initial active 1) (8 cores per cpu, 2 threads per core) family 23 model 49 stepping 0 microcode 0xffffffff, cx8, cmov, fxsr, ht, mmx, 3dnowpref, sse, sse2, sse3, ssse3, sse4a, sse4.1, sse4.2, popcnt, lzcnt, tsc, tscinvbit, avx, avx2, aes, clmul, bmi1, bmi2, adx, sha, fma, vzeroupper, clflush, clflushopt, hv
CPU Model and flags from /proc/cpuinfo:
model name	: AMD EPYC 7B12
flags		: fpu vme de pse tsc msr pae mce cx8 apic sep mtrr pge mca cmov pat pse36 clflush mmx fxsr sse sse2 ht syscall nx mmxext fxsr_opt pdpe1gb rdtscp lm constant_tsc rep_good nopl nonstop_tsc cpuid extd_apicid tsc_known_freq pni pclmulqdq ssse3 fma cx16 sse4_1 sse4_2 movbe popcnt aes xsave avx f16c rdrand hypervisor lahf_lm cmp_legacy cr8_legacy abm sse4a misalignsse 3dnowprefetch osvw topoext ssbd ibrs ibpb stibp vmmcall fsgsbase tsc_adjust bmi1 avx2 smep bmi2 rdseed adx smap clflushopt clwb sha_ni xsaveopt xsavec xgetbv1 clzero xsaveerptr arat npt nrip_save umip rdpid

Online cpus: 0-7
Offline cpus: 
BIOS frequency limitation: <Not Available>
Frequency switch latency (ns): <Not Available>
Available cpu frequencies: <Not Available>
Current governor: <Not Available>
Core performance/turbo boost: <Not Available>

Memory: 4k page, physical 1048576k(230612k free), swap 0k(0k free)
Page Sizes: 4k

vm_info: OpenJDK 64-Bit Server VM (17.0.5+8-jvmci-22.3-b08) for linux-amd64 JRE (17.0.5+8-jvmci-22.3-b08), built on Oct 19 2022 09:01:27 by "buildslave" with gcc 10.3.0

END.
